[ 2016-02-16T17:26:39+08:00 ] ::1 /hotel/index.php/Home
INFO: [ app_init ] --START--
INFO: Run Behavior\BuildLiteBehavior [ RunTime:0.000028s ]
INFO: [ app_init ] --END-- [ RunTime:0.000810s ]
INFO: [ app_begin ] --START--
INFO: Run Behavior\ReadHtmlCacheBehavior [ RunTime:0.000959s ]
INFO: [ app_begin ] --END-- [ RunTime:0.001065s ]
INFO: [ view_parse ] --START--
INFO: [ template_filter ] --START--
INFO: Run Behavior\ContentReplaceBehavior [ RunTime:0.000120s ]
INFO: [ template_filter ] --END-- [ RunTime:0.000210s ]
NOTIC: [8] Use of undefined constant index - assumed 'index' F:\wamp\www\hotel\Hotel\Runtime\Cache\Home\2a09bc7c9210959c45a760563e5a82e9.php 第 222 行.
INFO: Run Behavior\ParseTemplateBehavior [ RunTime:0.026100s ]
INFO: [ view_parse ] --END-- [ RunTime:0.026196s ]
INFO: [ view_filter ] --START--
INFO: Run Behavior\WriteHtmlCacheBehavior [ RunTime:0.000952s ]
INFO: [ view_filter ] --END-- [ RunTime:0.001031s ]
INFO: [ app_end ] --START--
INFO: Run Behavior\ShowPageTraceBehavior [ RunTime:0.001183s ]
INFO: [ app_end ] --END-- [ RunTime:0.001269s ]

[ 2016-02-16T17:26:55+08:00 ] ::1 /hotel/index.php/Home/Intelligence/index/type/monthly.html
INFO: [ app_init ] --START--
INFO: Run Behavior\BuildLiteBehavior [ RunTime:0.000022s ]
INFO: [ app_init ] --END-- [ RunTime:0.000584s ]
INFO: [ app_begin ] --START--
INFO: Run Behavior\ReadHtmlCacheBehavior [ RunTime:0.000824s ]
INFO: [ app_begin ] --END-- [ RunTime:0.000925s ]
INFO: [ view_parse ] --START--
INFO: [ template_filter ] --START--
INFO: Run Behavior\ContentReplaceBehavior [ RunTime:0.000090s ]
INFO: [ template_filter ] --END-- [ RunTime:0.000179s ]
NOTIC: [8] Use of undefined constant monthly - assumed 'monthly' F:\wamp\www\hotel\Hotel\Runtime\Cache\Home\dfec652425a22c9c5dfb4221f60276ef.php 第 48 行.
NOTIC: [8] Use of undefined constant yearly - assumed 'yearly' F:\wamp\www\hotel\Hotel\Runtime\Cache\Home\dfec652425a22c9c5dfb4221f60276ef.php 第 49 行.
NOTIC: [8] Use of undefined constant gjh - assumed 'gjh' F:\wamp\www\hotel\Hotel\Runtime\Cache\Home\dfec652425a22c9c5dfb4221f60276ef.php 第 50 行.
NOTIC: [8] Use of undefined constant upload - assumed 'upload' F:\wamp\www\hotel\Hotel\Runtime\Cache\Home\dfec652425a22c9c5dfb4221f60276ef.php 第 51 行.
NOTIC: [8] Use of undefined constant index - assumed 'index' F:\wamp\www\hotel\Hotel\Runtime\Cache\Home\dfec652425a22c9c5dfb4221f60276ef.php 第 93 行.
NOTIC: [8] Undefined variable: current F:\wamp\www\hotel\Hotel\Runtime\Cache\Home\dfec652425a22c9c5dfb4221f60276ef.php 第 93 行.
INFO: Run Behavior\ParseTemplateBehavior [ RunTime:0.039757s ]
INFO: [ view_parse ] --END-- [ RunTime:0.039873s ]
INFO: [ view_filter ] --START--
INFO: Run Behavior\WriteHtmlCacheBehavior [ RunTime:0.000755s ]
INFO: [ view_filter ] --END-- [ RunTime:0.000850s ]
INFO: [ app_end ] --START--
INFO: Run Behavior\ShowPageTraceBehavior [ RunTime:0.000944s ]
INFO: [ app_end ] --END-- [ RunTime:0.001037s ]

[ 2016-02-16T17:26:57+08:00 ] ::1 /hotel/index.php/Home/Intelligence/index/type/yearly.html
INFO: [ app_init ] --START--
INFO: Run Behavior\BuildLiteBehavior [ RunTime:0.000028s ]
INFO: [ app_init ] --END-- [ RunTime:0.000849s ]
INFO: [ app_begin ] --START--
INFO: Run Behavior\ReadHtmlCacheBehavior [ RunTime:0.000747s ]
INFO: [ app_begin ] --END-- [ RunTime:0.000844s ]
INFO: [ view_parse ] --START--
INFO: [ template_filter ] --START--
INFO: Run Behavior\ContentReplaceBehavior [ RunTime:0.000094s ]
INFO: [ template_filter ] --END-- [ RunTime:0.000195s ]
NOTIC: [8] Use of undefined constant monthly - assumed 'monthly' F:\wamp\www\hotel\Hotel\Runtime\Cache\Home\dfec652425a22c9c5dfb4221f60276ef.php 第 48 行.
NOTIC: [8] Use of undefined constant yearly - assumed 'yearly' F:\wamp\www\hotel\Hotel\Runtime\Cache\Home\dfec652425a22c9c5dfb4221f60276ef.php 第 49 行.
NOTIC: [8] Use of undefined constant gjh - assumed 'gjh' F:\wamp\www\hotel\Hotel\Runtime\Cache\Home\dfec652425a22c9c5dfb4221f60276ef.php 第 50 行.
NOTIC: [8] Use of undefined constant upload - assumed 'upload' F:\wamp\www\hotel\Hotel\Runtime\Cache\Home\dfec652425a22c9c5dfb4221f60276ef.php 第 51 行.
NOTIC: [8] Use of undefined constant index - assumed 'index' F:\wamp\www\hotel\Hotel\Runtime\Cache\Home\dfec652425a22c9c5dfb4221f60276ef.php 第 93 行.
NOTIC: [8] Undefined variable: current F:\wamp\www\hotel\Hotel\Runtime\Cache\Home\dfec652425a22c9c5dfb4221f60276ef.php 第 93 行.
INFO: Run Behavior\ParseTemplateBehavior [ RunTime:0.014011s ]
INFO: [ view_parse ] --END-- [ RunTime:0.014102s ]
INFO: [ view_filter ] --START--
INFO: Run Behavior\WriteHtmlCacheBehavior [ RunTime:0.000591s ]
INFO: [ view_filter ] --END-- [ RunTime:0.000668s ]
INFO: [ app_end ] --START--
INFO: Run Behavior\ShowPageTraceBehavior [ RunTime:0.000773s ]
INFO: [ app_end ] --END-- [ RunTime:0.000856s ]

[ 2016-02-16T17:26:57+08:00 ] ::1 /hotel/index.php/Home/Intelligence/index/type/gjh.html
INFO: [ app_init ] --START--
INFO: Run Behavior\BuildLiteBehavior [ RunTime:0.000023s ]
INFO: [ app_init ] --END-- [ RunTime:0.000566s ]
INFO: [ app_begin ] --START--
INFO: Run Behavior\ReadHtmlCacheBehavior [ RunTime:0.000745s ]
INFO: [ app_begin ] --END-- [ RunTime:0.000836s ]
INFO: [ view_parse ] --START--
INFO: [ template_filter ] --START--
INFO: Run Behavior\ContentReplaceBehavior [ RunTime:0.000154s ]
INFO: [ template_filter ] --END-- [ RunTime:0.000269s ]
NOTIC: [8] Use of undefined constant monthly - assumed 'monthly' F:\wamp\www\hotel\Hotel\Runtime\Cache\Home\dfec652425a22c9c5dfb4221f60276ef.php 第 48 行.
NOTIC: [8] Use of undefined constant yearly - assumed 'yearly' F:\wamp\www\hotel\Hotel\Runtime\Cache\Home\dfec652425a22c9c5dfb4221f60276ef.php 第 49 行.
NOTIC: [8] Use of undefined constant gjh - assumed 'gjh' F:\wamp\www\hotel\Hotel\Runtime\Cache\Home\dfec652425a22c9c5dfb4221f60276ef.php 第 50 行.
NOTIC: [8] Use of undefined constant upload - assumed 'upload' F:\wamp\www\hotel\Hotel\Runtime\Cache\Home\dfec652425a22c9c5dfb4221f60276ef.php 第 51 行.
NOTIC: [8] Use of undefined constant index - assumed 'index' F:\wamp\www\hotel\Hotel\Runtime\Cache\Home\dfec652425a22c9c5dfb4221f60276ef.php 第 93 行.
NOTIC: [8] Undefined variable: current F:\wamp\www\hotel\Hotel\Runtime\Cache\Home\dfec652425a22c9c5dfb4221f60276ef.php 第 93 行.
INFO: Run Behavior\ParseTemplateBehavior [ RunTime:0.014061s ]
INFO: [ view_parse ] --END-- [ RunTime:0.014148s ]
INFO: [ view_filter ] --START--
INFO: Run Behavior\WriteHtmlCacheBehavior [ RunTime:0.000543s ]
INFO: [ view_filter ] --END-- [ RunTime:0.000619s ]
INFO: [ app_end ] --START--
INFO: Run Behavior\ShowPageTraceBehavior [ RunTime:0.000741s ]
INFO: [ app_end ] --END-- [ RunTime:0.000817s ]

[ 2016-02-16T17:26:58+08:00 ] ::1 /hotel/index.php/Home/Intelligence/index/type/upload.html
INFO: [ app_init ] --START--
INFO: Run Behavior\BuildLiteBehavior [ RunTime:0.000023s ]
INFO: [ app_init ] --END-- [ RunTime:0.000554s ]
INFO: [ app_begin ] --START--
INFO: Run Behavior\ReadHtmlCacheBehavior [ RunTime:0.000782s ]
INFO: [ app_begin ] --END-- [ RunTime:0.000870s ]
INFO: [ view_parse ] --START--
INFO: [ template_filter ] --START--
INFO: Run Behavior\ContentReplaceBehavior [ RunTime:0.000109s ]
INFO: [ template_filter ] --END-- [ RunTime:0.000226s ]
NOTIC: [8] Use of undefined constant monthly - assumed 'monthly' F:\wamp\www\hotel\Hotel\Runtime\Cache\Home\dfec652425a22c9c5dfb4221f60276ef.php 第 48 行.
NOTIC: [8] Use of undefined constant yearly - assumed 'yearly' F:\wamp\www\hotel\Hotel\Runtime\Cache\Home\dfec652425a22c9c5dfb4221f60276ef.php 第 49 行.
NOTIC: [8] Use of undefined constant gjh - assumed 'gjh' F:\wamp\www\hotel\Hotel\Runtime\Cache\Home\dfec652425a22c9c5dfb4221f60276ef.php 第 50 行.
NOTIC: [8] Use of undefined constant upload - assumed 'upload' F:\wamp\www\hotel\Hotel\Runtime\Cache\Home\dfec652425a22c9c5dfb4221f60276ef.php 第 51 行.
NOTIC: [8] Use of undefined constant index - assumed 'index' F:\wamp\www\hotel\Hotel\Runtime\Cache\Home\dfec652425a22c9c5dfb4221f60276ef.php 第 93 行.
NOTIC: [8] Undefined variable: current F:\wamp\www\hotel\Hotel\Runtime\Cache\Home\dfec652425a22c9c5dfb4221f60276ef.php 第 93 行.
INFO: Run Behavior\ParseTemplateBehavior [ RunTime:0.013214s ]
INFO: [ view_parse ] --END-- [ RunTime:0.013300s ]
INFO: [ view_filter ] --START--
INFO: Run Behavior\WriteHtmlCacheBehavior [ RunTime:0.000627s ]
INFO: [ view_filter ] --END-- [ RunTime:0.000748s ]
INFO: [ app_end ] --START--
INFO: Run Behavior\ShowPageTraceBehavior [ RunTime:0.001552s ]
INFO: [ app_end ] --END-- [ RunTime:0.001643s ]

[ 2016-02-16T17:26:59+08:00 ] ::1 /hotel/index.php/Home/Intelligence/index/type/monthly.html
INFO: [ app_init ] --START--
INFO: Run Behavior\BuildLiteBehavior [ RunTime:0.000025s ]
INFO: [ app_init ] --END-- [ RunTime:0.000573s ]
INFO: [ app_begin ] --START--
INFO: Run Behavior\ReadHtmlCacheBehavior [ RunTime:0.000978s ]
INFO: [ app_begin ] --END-- [ RunTime:0.001089s ]
INFO: [ view_parse ] --START--
INFO: [ template_filter ] --START--
INFO: Run Behavior\ContentReplaceBehavior [ RunTime:0.000106s ]
INFO: [ template_filter ] --END-- [ RunTime:0.000216s ]
NOTIC: [8] Use of undefined constant monthly - assumed 'monthly' F:\wamp\www\hotel\Hotel\Runtime\Cache\Home\dfec652425a22c9c5dfb4221f60276ef.php 第 48 行.
NOTIC: [8] Use of undefined constant yearly - assumed 'yearly' F:\wamp\www\hotel\Hotel\Runtime\Cache\Home\dfec652425a22c9c5dfb4221f60276ef.php 第 49 行.
NOTIC: [8] Use of undefined constant gjh - assumed 'gjh' F:\wamp\www\hotel\Hotel\Runtime\Cache\Home\dfec652425a22c9c5dfb4221f60276ef.php 第 50 行.
NOTIC: [8] Use of undefined constant upload - assumed 'upload' F:\wamp\www\hotel\Hotel\Runtime\Cache\Home\dfec652425a22c9c5dfb4221f60276ef.php 第 51 行.
NOTIC: [8] Use of undefined constant index - assumed 'index' F:\wamp\www\hotel\Hotel\Runtime\Cache\Home\dfec652425a22c9c5dfb4221f60276ef.php 第 93 行.
NOTIC: [8] Undefined variable: current F:\wamp\www\hotel\Hotel\Runtime\Cache\Home\dfec652425a22c9c5dfb4221f60276ef.php 第 93 行.
INFO: Run Behavior\ParseTemplateBehavior [ RunTime:0.013356s ]
INFO: [ view_parse ] --END-- [ RunTime:0.013445s ]
INFO: [ view_filter ] --START--
INFO: Run Behavior\WriteHtmlCacheBehavior [ RunTime:0.001128s ]
INFO: [ view_filter ] --END-- [ RunTime:0.001235s ]
INFO: [ app_end ] --START--
INFO: Run Behavior\ShowPageTraceBehavior [ RunTime:0.000904s ]
INFO: [ app_end ] --END-- [ RunTime:0.000987s ]

[ 2016-02-16T17:27:00+08:00 ] ::1 /hotel/index.php/Home/Intelligence/index/type/yearly.html
INFO: [ app_init ] --START--
INFO: Run Behavior\BuildLiteBehavior [ RunTime:0.000025s ]
INFO: [ app_init ] --END-- [ RunTime:0.000626s ]
INFO: [ app_begin ] --START--
INFO: Run Behavior\ReadHtmlCacheBehavior [ RunTime:0.000952s ]
INFO: [ app_begin ] --END-- [ RunTime:0.001079s ]
INFO: [ view_parse ] --START--
INFO: [ template_filter ] --START--
INFO: Run Behavior\ContentReplaceBehavior [ RunTime:0.000128s ]
INFO: [ template_filter ] --END-- [ RunTime:0.000265s ]
NOTIC: [8] Use of undefined constant monthly - assumed 'monthly' F:\wamp\www\hotel\Hotel\Runtime\Cache\Home\dfec652425a22c9c5dfb4221f60276ef.php 第 48 行.
NOTIC: [8] Use of undefined constant yearly - assumed 'yearly' F:\wamp\www\hotel\Hotel\Runtime\Cache\Home\dfec652425a22c9c5dfb4221f60276ef.php 第 49 行.
NOTIC: [8] Use of undefined constant gjh - assumed 'gjh' F:\wamp\www\hotel\Hotel\Runtime\Cache\Home\dfec652425a22c9c5dfb4221f60276ef.php 第 50 行.
NOTIC: [8] Use of undefined constant upload - assumed 'upload' F:\wamp\www\hotel\Hotel\Runtime\Cache\Home\dfec652425a22c9c5dfb4221f60276ef.php 第 51 行.
NOTIC: [8] Use of undefined constant index - assumed 'index' F:\wamp\www\hotel\Hotel\Runtime\Cache\Home\dfec652425a22c9c5dfb4221f60276ef.php 第 93 行.
NOTIC: [8] Undefined variable: current F:\wamp\www\hotel\Hotel\Runtime\Cache\Home\dfec652425a22c9c5dfb4221f60276ef.php 第 93 行.
INFO: Run Behavior\ParseTemplateBehavior [ RunTime:0.013094s ]
INFO: [ view_parse ] --END-- [ RunTime:0.013259s ]
INFO: [ view_filter ] --START--
INFO: Run Behavior\WriteHtmlCacheBehavior [ RunTime:0.000853s ]
INFO: [ view_filter ] --END-- [ RunTime:0.000948s ]
INFO: [ app_end ] --START--
INFO: Run Behavior\ShowPageTraceBehavior [ RunTime:0.001593s ]
INFO: [ app_end ] --END-- [ RunTime:0.001691s ]

[ 2016-02-16T17:27:00+08:00 ] ::1 /hotel/index.php/Home/Intelligence/index/type/gjh.html
INFO: [ app_init ] --START--
INFO: Run Behavior\BuildLiteBehavior [ RunTime:0.000027s ]
INFO: [ app_init ] --END-- [ RunTime:0.000630s ]
INFO: [ app_begin ] --START--
INFO: Run Behavior\ReadHtmlCacheBehavior [ RunTime:0.000797s ]
INFO: [ app_begin ] --END-- [ RunTime:0.000902s ]
INFO: [ view_parse ] --START--
INFO: [ template_filter ] --START--
INFO: Run Behavior\ContentReplaceBehavior [ RunTime:0.000107s ]
INFO: [ template_filter ] --END-- [ RunTime:0.000222s ]
NOTIC: [8] Use of undefined constant monthly - assumed 'monthly' F:\wamp\www\hotel\Hotel\Runtime\Cache\Home\dfec652425a22c9c5dfb4221f60276ef.php 第 48 行.
NOTIC: [8] Use of undefined constant yearly - assumed 'yearly' F:\wamp\www\hotel\Hotel\Runtime\Cache\Home\dfec652425a22c9c5dfb4221f60276ef.php 第 49 行.
NOTIC: [8] Use of undefined constant gjh - assumed 'gjh' F:\wamp\www\hotel\Hotel\Runtime\Cache\Home\dfec652425a22c9c5dfb4221f60276ef.php 第 50 行.
NOTIC: [8] Use of undefined constant upload - assumed 'upload' F:\wamp\www\hotel\Hotel\Runtime\Cache\Home\dfec652425a22c9c5dfb4221f60276ef.php 第 51 行.
NOTIC: [8] Use of undefined constant index - assumed 'index' F:\wamp\www\hotel\Hotel\Runtime\Cache\Home\dfec652425a22c9c5dfb4221f60276ef.php 第 93 行.
NOTIC: [8] Undefined variable: current F:\wamp\www\hotel\Hotel\Runtime\Cache\Home\dfec652425a22c9c5dfb4221f60276ef.php 第 93 行.
INFO: Run Behavior\ParseTemplateBehavior [ RunTime:0.013762s ]
INFO: [ view_parse ] --END-- [ RunTime:0.013855s ]
INFO: [ view_filter ] --START--
INFO: Run Behavior\WriteHtmlCacheBehavior [ RunTime:0.000574s ]
INFO: [ view_filter ] --END-- [ RunTime:0.000649s ]
INFO: [ app_end ] --START--
INFO: Run Behavior\ShowPageTraceBehavior [ RunTime:0.000820s ]
INFO: [ app_end ] --END-- [ RunTime:0.000899s ]

[ 2016-02-16T17:27:01+08:00 ] ::1 /hotel/index.php/Home/Intelligence/index/type/upload.html
INFO: [ app_init ] --START--
INFO: Run Behavior\BuildLiteBehavior [ RunTime:0.000023s ]
INFO: [ app_init ] --END-- [ RunTime:0.000505s ]
INFO: [ app_begin ] --START--
INFO: Run Behavior\ReadHtmlCacheBehavior [ RunTime:0.000766s ]
INFO: [ app_begin ] --END-- [ RunTime:0.000858s ]
INFO: [ view_parse ] --START--
INFO: [ template_filter ] --START--
INFO: Run Behavior\ContentReplaceBehavior [ RunTime:0.000105s ]
INFO: [ template_filter ] --END-- [ RunTime:0.000216s ]
NOTIC: [8] Use of undefined constant monthly - assumed 'monthly' F:\wamp\www\hotel\Hotel\Runtime\Cache\Home\dfec652425a22c9c5dfb4221f60276ef.php 第 48 行.
NOTIC: [8] Use of undefined constant yearly - assumed 'yearly' F:\wamp\www\hotel\Hotel\Runtime\Cache\Home\dfec652425a22c9c5dfb4221f60276ef.php 第 49 行.
NOTIC: [8] Use of undefined constant gjh - assumed 'gjh' F:\wamp\www\hotel\Hotel\Runtime\Cache\Home\dfec652425a22c9c5dfb4221f60276ef.php 第 50 行.
NOTIC: [8] Use of undefined constant upload - assumed 'upload' F:\wamp\www\hotel\Hotel\Runtime\Cache\Home\dfec652425a22c9c5dfb4221f60276ef.php 第 51 行.
NOTIC: [8] Use of undefined constant index - assumed 'index' F:\wamp\www\hotel\Hotel\Runtime\Cache\Home\dfec652425a22c9c5dfb4221f60276ef.php 第 93 行.
NOTIC: [8] Undefined variable: current F:\wamp\www\hotel\Hotel\Runtime\Cache\Home\dfec652425a22c9c5dfb4221f60276ef.php 第 93 行.
INFO: Run Behavior\ParseTemplateBehavior [ RunTime:0.012851s ]
INFO: [ view_parse ] --END-- [ RunTime:0.012941s ]
INFO: [ view_filter ] --START--
INFO: Run Behavior\WriteHtmlCacheBehavior [ RunTime:0.000618s ]
INFO: [ view_filter ] --END-- [ RunTime:0.000696s ]
INFO: [ app_end ] --START--
INFO: Run Behavior\ShowPageTraceBehavior [ RunTime:0.000833s ]
INFO: [ app_end ] --END-- [ RunTime:0.000915s ]

[ 2016-02-16T17:31:42+08:00 ] ::1 /hotel/index.php/Home/Intelligence/index/type/upload.html
INFO: [ app_init ] --START--
INFO: Run Behavior\BuildLiteBehavior [ RunTime:0.000023s ]
INFO: [ app_init ] --END-- [ RunTime:0.000571s ]
INFO: [ app_begin ] --START--
INFO: Run Behavior\ReadHtmlCacheBehavior [ RunTime:0.000684s ]
INFO: [ app_begin ] --END-- [ RunTime:0.000774s ]
INFO: [ view_parse ] --START--
INFO: [ template_filter ] --START--
INFO: Run Behavior\ContentReplaceBehavior [ RunTime:0.000106s ]
INFO: [ template_filter ] --END-- [ RunTime:0.000214s ]
NOTIC: [8] Use of undefined constant monthly - assumed 'monthly' F:\wamp\www\hotel\Hotel\Runtime\Cache\Home\dfec652425a22c9c5dfb4221f60276ef.php 第 48 行.
NOTIC: [8] Use of undefined constant yearly - assumed 'yearly' F:\wamp\www\hotel\Hotel\Runtime\Cache\Home\dfec652425a22c9c5dfb4221f60276ef.php 第 49 行.
NOTIC: [8] Use of undefined constant gjh - assumed 'gjh' F:\wamp\www\hotel\Hotel\Runtime\Cache\Home\dfec652425a22c9c5dfb4221f60276ef.php 第 50 行.
NOTIC: [8] Use of undefined constant upload - assumed 'upload' F:\wamp\www\hotel\Hotel\Runtime\Cache\Home\dfec652425a22c9c5dfb4221f60276ef.php 第 51 行.
NOTIC: [8] Use of undefined constant index - assumed 'index' F:\wamp\www\hotel\Hotel\Runtime\Cache\Home\dfec652425a22c9c5dfb4221f60276ef.php 第 92 行.
NOTIC: [8] Undefined variable: current F:\wamp\www\hotel\Hotel\Runtime\Cache\Home\dfec652425a22c9c5dfb4221f60276ef.php 第 92 行.
INFO: Run Behavior\ParseTemplateBehavior [ RunTime:0.014148s ]
INFO: [ view_parse ] --END-- [ RunTime:0.014256s ]
INFO: [ view_filter ] --START--
INFO: Run Behavior\WriteHtmlCacheBehavior [ RunTime:0.000471s ]
INFO: [ view_filter ] --END-- [ RunTime:0.000545s ]
INFO: [ app_end ] --START--
INFO: Run Behavior\ShowPageTraceBehavior [ RunTime:0.000686s ]
INFO: [ app_end ] --END-- [ RunTime:0.000762s ]

[ 2016-02-16T17:33:52+08:00 ] ::1 /hotel/index.php/Home/Intelligence/index/type/upload.html
INFO: [ app_init ] --START--
INFO: Run Behavior\BuildLiteBehavior [ RunTime:0.000023s ]
INFO: [ app_init ] --END-- [ RunTime:0.000595s ]
INFO: [ app_begin ] --START--
INFO: Run Behavior\ReadHtmlCacheBehavior [ RunTime:0.000845s ]
INFO: [ app_begin ] --END-- [ RunTime:0.000946s ]
INFO: [ view_parse ] --START--
INFO: [ template_filter ] --START--
INFO: Run Behavior\ContentReplaceBehavior [ RunTime:0.000090s ]
INFO: [ template_filter ] --END-- [ RunTime:0.000180s ]
NOTIC: [8] Use of undefined constant monthly - assumed 'monthly' F:\wamp\www\hotel\Hotel\Runtime\Cache\Home\dfec652425a22c9c5dfb4221f60276ef.php 第 48 行.
NOTIC: [8] Use of undefined constant yearly - assumed 'yearly' F:\wamp\www\hotel\Hotel\Runtime\Cache\Home\dfec652425a22c9c5dfb4221f60276ef.php 第 49 行.
NOTIC: [8] Use of undefined constant gjh - assumed 'gjh' F:\wamp\www\hotel\Hotel\Runtime\Cache\Home\dfec652425a22c9c5dfb4221f60276ef.php 第 50 行.
NOTIC: [8] Use of undefined constant upload - assumed 'upload' F:\wamp\www\hotel\Hotel\Runtime\Cache\Home\dfec652425a22c9c5dfb4221f60276ef.php 第 51 行.
NOTIC: [8] Use of undefined constant index - assumed 'index' F:\wamp\www\hotel\Hotel\Runtime\Cache\Home\dfec652425a22c9c5dfb4221f60276ef.php 第 92 行.
NOTIC: [8] Undefined variable: current F:\wamp\www\hotel\Hotel\Runtime\Cache\Home\dfec652425a22c9c5dfb4221f60276ef.php 第 92 行.
INFO: Run Behavior\ParseTemplateBehavior [ RunTime:0.013605s ]
INFO: [ view_parse ] --END-- [ RunTime:0.013696s ]
INFO: [ view_filter ] --START--
INFO: Run Behavior\WriteHtmlCacheBehavior [ RunTime:0.000636s ]
INFO: [ view_filter ] --END-- [ RunTime:0.000714s ]
INFO: [ app_end ] --START--
INFO: Run Behavior\ShowPageTraceBehavior [ RunTime:0.000825s ]
INFO: [ app_end ] --END-- [ RunTime:0.000904s ]

[ 2016-02-16T17:48:28+08:00 ] ::1 /hotel/index.php/Home/News/index/type/news.html
INFO: [ app_init ] --START--
INFO: Run Behavior\BuildLiteBehavior [ RunTime:0.000023s ]
INFO: [ app_init ] --END-- [ RunTime:0.000574s ]
INFO: [ app_begin ] --START--
INFO: Run Behavior\ReadHtmlCacheBehavior [ RunTime:0.000746s ]
INFO: [ app_begin ] --END-- [ RunTime:0.000841s ]
INFO: [ view_parse ] --START--
INFO: [ template_filter ] --START--
INFO: Run Behavior\ContentReplaceBehavior [ RunTime:0.000184s ]
INFO: [ template_filter ] --END-- [ RunTime:0.000276s ]
NOTIC: [8] Use of undefined constant news - assumed 'news' F:\wamp\www\hotel\Hotel\Runtime\Cache\Home\c7c83dd2b0f9c41951e0d66c4b9161dd.php 第 50 行.
NOTIC: [8] Use of undefined constant news - assumed 'news' F:\wamp\www\hotel\Hotel\Runtime\Cache\Home\c7c83dd2b0f9c41951e0d66c4b9161dd.php 第 51 行.
NOTIC: [8] Use of undefined constant activity - assumed 'activity' F:\wamp\www\hotel\Hotel\Runtime\Cache\Home\c7c83dd2b0f9c41951e0d66c4b9161dd.php 第 52 行.
NOTIC: [8] Use of undefined constant notice - assumed 'notice' F:\wamp\www\hotel\Hotel\Runtime\Cache\Home\c7c83dd2b0f9c41951e0d66c4b9161dd.php 第 53 行.
NOTIC: [8] Use of undefined constant meeting - assumed 'meeting' F:\wamp\www\hotel\Hotel\Runtime\Cache\Home\c7c83dd2b0f9c41951e0d66c4b9161dd.php 第 54 行.
NOTIC: [8] Use of undefined constant publication - assumed 'publication' F:\wamp\www\hotel\Hotel\Runtime\Cache\Home\c7c83dd2b0f9c41951e0d66c4b9161dd.php 第 60 行.
NOTIC: [8] Use of undefined constant publication - assumed 'publication' F:\wamp\www\hotel\Hotel\Runtime\Cache\Home\c7c83dd2b0f9c41951e0d66c4b9161dd.php 第 61 行.
NOTIC: [8] Use of undefined constant brief - assumed 'brief' F:\wamp\www\hotel\Hotel\Runtime\Cache\Home\c7c83dd2b0f9c41951e0d66c4b9161dd.php 第 62 行.
NOTIC: [8] Use of undefined constant publication - assumed 'publication' F:\wamp\www\hotel\Hotel\Runtime\Cache\Home\c7c83dd2b0f9c41951e0d66c4b9161dd.php 第 98 行.
NOTIC: [8] Use of undefined constant special - assumed 'special' F:\wamp\www\hotel\Hotel\Runtime\Cache\Home\c7c83dd2b0f9c41951e0d66c4b9161dd.php 第 103 行.
NOTIC: [8] Undefined variable: choose F:\wamp\www\hotel\Hotel\Runtime\Cache\Home\c7c83dd2b0f9c41951e0d66c4b9161dd.php 第 103 行.
NOTIC: [8] Use of undefined constant index - assumed 'index' F:\wamp\www\hotel\Hotel\Runtime\Cache\Home\c7c83dd2b0f9c41951e0d66c4b9161dd.php 第 185 行.
NOTIC: [8] Undefined variable: current F:\wamp\www\hotel\Hotel\Runtime\Cache\Home\c7c83dd2b0f9c41951e0d66c4b9161dd.php 第 185 行.
INFO: Run Behavior\ParseTemplateBehavior [ RunTime:0.024088s ]
INFO: [ view_parse ] --END-- [ RunTime:0.024176s ]
INFO: [ view_filter ] --START--
INFO: Run Behavior\WriteHtmlCacheBehavior [ RunTime:0.000509s ]
INFO: [ view_filter ] --END-- [ RunTime:0.000583s ]
INFO: [ app_end ] --START--
INFO: Run Behavior\ShowPageTraceBehavior [ RunTime:0.000724s ]
INFO: [ app_end ] --END-- [ RunTime:0.000801s ]

[ 2016-02-16T17:48:30+08:00 ] ::1 /hotel/index.php/Home/News/index/type/activity.html
INFO: [ app_init ] --START--
INFO: Run Behavior\BuildLiteBehavior [ RunTime:0.000023s ]
INFO: [ app_init ] --END-- [ RunTime:0.000497s ]
INFO: [ app_begin ] --START--
INFO: Run Behavior\ReadHtmlCacheBehavior [ RunTime:0.000947s ]
INFO: [ app_begin ] --END-- [ RunTime:0.001057s ]
INFO: [ view_parse ] --START--
INFO: [ template_filter ] --START--
INFO: Run Behavior\ContentReplaceBehavior [ RunTime:0.000122s ]
INFO: [ template_filter ] --END-- [ RunTime:0.000224s ]
NOTIC: [8] Use of undefined constant news - assumed 'news' F:\wamp\www\hotel\Hotel\Runtime\Cache\Home\c7c83dd2b0f9c41951e0d66c4b9161dd.php 第 50 行.
NOTIC: [8] Use of undefined constant news - assumed 'news' F:\wamp\www\hotel\Hotel\Runtime\Cache\Home\c7c83dd2b0f9c41951e0d66c4b9161dd.php 第 51 行.
NOTIC: [8] Use of undefined constant activity - assumed 'activity' F:\wamp\www\hotel\Hotel\Runtime\Cache\Home\c7c83dd2b0f9c41951e0d66c4b9161dd.php 第 52 行.
NOTIC: [8] Use of undefined constant notice - assumed 'notice' F:\wamp\www\hotel\Hotel\Runtime\Cache\Home\c7c83dd2b0f9c41951e0d66c4b9161dd.php 第 53 行.
NOTIC: [8] Use of undefined constant meeting - assumed 'meeting' F:\wamp\www\hotel\Hotel\Runtime\Cache\Home\c7c83dd2b0f9c41951e0d66c4b9161dd.php 第 54 行.
NOTIC: [8] Use of undefined constant publication - assumed 'publication' F:\wamp\www\hotel\Hotel\Runtime\Cache\Home\c7c83dd2b0f9c41951e0d66c4b9161dd.php 第 60 行.
NOTIC: [8] Use of undefined constant publication - assumed 'publication' F:\wamp\www\hotel\Hotel\Runtime\Cache\Home\c7c83dd2b0f9c41951e0d66c4b9161dd.php 第 61 行.
NOTIC: [8] Use of undefined constant brief - assumed 'brief' F:\wamp\www\hotel\Hotel\Runtime\Cache\Home\c7c83dd2b0f9c41951e0d66c4b9161dd.php 第 62 行.
NOTIC: [8] Use of undefined constant publication - assumed 'publication' F:\wamp\www\hotel\Hotel\Runtime\Cache\Home\c7c83dd2b0f9c41951e0d66c4b9161dd.php 第 98 行.
NOTIC: [8] Use of undefined constant special - assumed 'special' F:\wamp\www\hotel\Hotel\Runtime\Cache\Home\c7c83dd2b0f9c41951e0d66c4b9161dd.php 第 103 行.
NOTIC: [8] Undefined variable: choose F:\wamp\www\hotel\Hotel\Runtime\Cache\Home\c7c83dd2b0f9c41951e0d66c4b9161dd.php 第 103 行.
NOTIC: [8] Use of undefined constant index - assumed 'index' F:\wamp\www\hotel\Hotel\Runtime\Cache\Home\c7c83dd2b0f9c41951e0d66c4b9161dd.php 第 185 行.
NOTIC: [8] Undefined variable: current F:\wamp\www\hotel\Hotel\Runtime\Cache\Home\c7c83dd2b0f9c41951e0d66c4b9161dd.php 第 185 行.
INFO: Run Behavior\ParseTemplateBehavior [ RunTime:0.019308s ]
INFO: [ view_parse ] --END-- [ RunTime:0.019400s ]
INFO: [ view_filter ] --START--
INFO: Run Behavior\WriteHtmlCacheBehavior [ RunTime:0.000483s ]
INFO: [ view_filter ] --END-- [ RunTime:0.000559s ]
INFO: [ app_end ] --START--
INFO: Run Behavior\ShowPageTraceBehavior [ RunTime:0.000669s ]
INFO: [ app_end ] --END-- [ RunTime:0.000749s ]

[ 2016-02-16T17:48:31+08:00 ] ::1 /hotel/index.php/Home/News/index/type/meeting.html
INFO: [ app_init ] --START--
INFO: Run Behavior\BuildLiteBehavior [ RunTime:0.000029s ]
INFO: [ app_init ] --END-- [ RunTime:0.000595s ]
INFO: [ app_begin ] --START--
INFO: Run Behavior\ReadHtmlCacheBehavior [ RunTime:0.000905s ]
INFO: [ app_begin ] --END-- [ RunTime:0.001020s ]
INFO: [ view_parse ] --START--
INFO: [ template_filter ] --START--
INFO: Run Behavior\ContentReplaceBehavior [ RunTime:0.000114s ]
INFO: [ template_filter ] --END-- [ RunTime:0.000205s ]
NOTIC: [8] Use of undefined constant news - assumed 'news' F:\wamp\www\hotel\Hotel\Runtime\Cache\Home\c7c83dd2b0f9c41951e0d66c4b9161dd.php 第 50 行.
NOTIC: [8] Use of undefined constant news - assumed 'news' F:\wamp\www\hotel\Hotel\Runtime\Cache\Home\c7c83dd2b0f9c41951e0d66c4b9161dd.php 第 51 行.
NOTIC: [8] Use of undefined constant activity - assumed 'activity' F:\wamp\www\hotel\Hotel\Runtime\Cache\Home\c7c83dd2b0f9c41951e0d66c4b9161dd.php 第 52 行.
NOTIC: [8] Use of undefined constant notice - assumed 'notice' F:\wamp\www\hotel\Hotel\Runtime\Cache\Home\c7c83dd2b0f9c41951e0d66c4b9161dd.php 第 53 行.
NOTIC: [8] Use of undefined constant meeting - assumed 'meeting' F:\wamp\www\hotel\Hotel\Runtime\Cache\Home\c7c83dd2b0f9c41951e0d66c4b9161dd.php 第 54 行.
NOTIC: [8] Use of undefined constant publication - assumed 'publication' F:\wamp\www\hotel\Hotel\Runtime\Cache\Home\c7c83dd2b0f9c41951e0d66c4b9161dd.php 第 60 行.
NOTIC: [8] Use of undefined constant publication - assumed 'publication' F:\wamp\www\hotel\Hotel\Runtime\Cache\Home\c7c83dd2b0f9c41951e0d66c4b9161dd.php 第 61 行.
NOTIC: [8] Use of undefined constant brief - assumed 'brief' F:\wamp\www\hotel\Hotel\Runtime\Cache\Home\c7c83dd2b0f9c41951e0d66c4b9161dd.php 第 62 行.
NOTIC: [8] Use of undefined constant publication - assumed 'publication' F:\wamp\www\hotel\Hotel\Runtime\Cache\Home\c7c83dd2b0f9c41951e0d66c4b9161dd.php 第 98 行.
NOTIC: [8] Use of undefined constant special - assumed 'special' F:\wamp\www\hotel\Hotel\Runtime\Cache\Home\c7c83dd2b0f9c41951e0d66c4b9161dd.php 第 103 行.
NOTIC: [8] Undefined variable: choose F:\wamp\www\hotel\Hotel\Runtime\Cache\Home\c7c83dd2b0f9c41951e0d66c4b9161dd.php 第 103 行.
NOTIC: [8] Use of undefined constant index - assumed 'index' F:\wamp\www\hotel\Hotel\Runtime\Cache\Home\c7c83dd2b0f9c41951e0d66c4b9161dd.php 第 185 行.
NOTIC: [8] Undefined variable: current F:\wamp\www\hotel\Hotel\Runtime\Cache\Home\c7c83dd2b0f9c41951e0d66c4b9161dd.php 第 185 行.
INFO: Run Behavior\ParseTemplateBehavior [ RunTime:0.017903s ]
INFO: [ view_parse ] --END-- [ RunTime:0.017989s ]
INFO: [ view_filter ] --START--
INFO: Run Behavior\WriteHtmlCacheBehavior [ RunTime:0.000540s ]
INFO: [ view_filter ] --END-- [ RunTime:0.000619s ]
INFO: [ app_end ] --START--
INFO: Run Behavior\ShowPageTraceBehavior [ RunTime:0.000695s ]
INFO: [ app_end ] --END-- [ RunTime:0.000787s ]

[ 2016-02-16T17:48:32+08:00 ] ::1 /hotel/index.php/Home/News/index/type/notice.html
INFO: [ app_init ] --START--
INFO: Run Behavior\BuildLiteBehavior [ RunTime:0.000022s ]
INFO: [ app_init ] --END-- [ RunTime:0.000607s ]
INFO: [ app_begin ] --START--
INFO: Run Behavior\ReadHtmlCacheBehavior [ RunTime:0.000845s ]
INFO: [ app_begin ] --END-- [ RunTime:0.000949s ]
INFO: [ view_parse ] --START--
INFO: [ template_filter ] --START--
INFO: Run Behavior\ContentReplaceBehavior [ RunTime:0.000178s ]
INFO: [ template_filter ] --END-- [ RunTime:0.000357s ]
NOTIC: [8] Use of undefined constant news - assumed 'news' F:\wamp\www\hotel\Hotel\Runtime\Cache\Home\c7c83dd2b0f9c41951e0d66c4b9161dd.php 第 50 行.
NOTIC: [8] Use of undefined constant news - assumed 'news' F:\wamp\www\hotel\Hotel\Runtime\Cache\Home\c7c83dd2b0f9c41951e0d66c4b9161dd.php 第 51 行.
NOTIC: [8] Use of undefined constant activity - assumed 'activity' F:\wamp\www\hotel\Hotel\Runtime\Cache\Home\c7c83dd2b0f9c41951e0d66c4b9161dd.php 第 52 行.
NOTIC: [8] Use of undefined constant notice - assumed 'notice' F:\wamp\www\hotel\Hotel\Runtime\Cache\Home\c7c83dd2b0f9c41951e0d66c4b9161dd.php 第 53 行.
NOTIC: [8] Use of undefined constant meeting - assumed 'meeting' F:\wamp\www\hotel\Hotel\Runtime\Cache\Home\c7c83dd2b0f9c41951e0d66c4b9161dd.php 第 54 行.
NOTIC: [8] Use of undefined constant publication - assumed 'publication' F:\wamp\www\hotel\Hotel\Runtime\Cache\Home\c7c83dd2b0f9c41951e0d66c4b9161dd.php 第 60 行.
NOTIC: [8] Use of undefined constant publication - assumed 'publication' F:\wamp\www\hotel\Hotel\Runtime\Cache\Home\c7c83dd2b0f9c41951e0d66c4b9161dd.php 第 61 行.
NOTIC: [8] Use of undefined constant brief - assumed 'brief' F:\wamp\www\hotel\Hotel\Runtime\Cache\Home\c7c83dd2b0f9c41951e0d66c4b9161dd.php 第 62 行.
NOTIC: [8] Use of undefined constant publication - assumed 'publication' F:\wamp\www\hotel\Hotel\Runtime\Cache\Home\c7c83dd2b0f9c41951e0d66c4b9161dd.php 第 98 行.
NOTIC: [8] Use of undefined constant special - assumed 'special' F:\wamp\www\hotel\Hotel\Runtime\Cache\Home\c7c83dd2b0f9c41951e0d66c4b9161dd.php 第 103 行.
NOTIC: [8] Undefined variable: choose F:\wamp\www\hotel\Hotel\Runtime\Cache\Home\c7c83dd2b0f9c41951e0d66c4b9161dd.php 第 103 行.
NOTIC: [8] Use of undefined constant index - assumed 'index' F:\wamp\www\hotel\Hotel\Runtime\Cache\Home\c7c83dd2b0f9c41951e0d66c4b9161dd.php 第 185 行.
NOTIC: [8] Undefined variable: current F:\wamp\www\hotel\Hotel\Runtime\Cache\Home\c7c83dd2b0f9c41951e0d66c4b9161dd.php 第 185 行.
INFO: Run Behavior\ParseTemplateBehavior [ RunTime:0.017750s ]
INFO: [ view_parse ] --END-- [ RunTime:0.017847s ]
INFO: [ view_filter ] --START--
INFO: Run Behavior\WriteHtmlCacheBehavior [ RunTime:0.000461s ]
INFO: [ view_filter ] --END-- [ RunTime:0.000536s ]
INFO: [ app_end ] --START--
INFO: Run Behavior\ShowPageTraceBehavior [ RunTime:0.000633s ]
INFO: [ app_end ] --END-- [ RunTime:0.000711s ]

[ 2016-02-16T17:48:32+08:00 ] ::1 /hotel/index.php/Home/News/index/type/meeting.html
INFO: [ app_init ] --START--
INFO: Run Behavior\BuildLiteBehavior [ RunTime:0.000021s ]
INFO: [ app_init ] --END-- [ RunTime:0.000489s ]
INFO: [ app_begin ] --START--
INFO: Run Behavior\ReadHtmlCacheBehavior [ RunTime:0.000741s ]
INFO: [ app_begin ] --END-- [ RunTime:0.000838s ]
INFO: [ view_parse ] --START--
INFO: [ template_filter ] --START--
INFO: Run Behavior\ContentReplaceBehavior [ RunTime:0.000115s ]
INFO: [ template_filter ] --END-- [ RunTime:0.000205s ]
NOTIC: [8] Use of undefined constant news - assumed 'news' F:\wamp\www\hotel\Hotel\Runtime\Cache\Home\c7c83dd2b0f9c41951e0d66c4b9161dd.php 第 50 行.
NOTIC: [8] Use of undefined constant news - assumed 'news' F:\wamp\www\hotel\Hotel\Runtime\Cache\Home\c7c83dd2b0f9c41951e0d66c4b9161dd.php 第 51 行.
NOTIC: [8] Use of undefined constant activity - assumed 'activity' F:\wamp\www\hotel\Hotel\Runtime\Cache\Home\c7c83dd2b0f9c41951e0d66c4b9161dd.php 第 52 行.
NOTIC: [8] Use of undefined constant notice - assumed 'notice' F:\wamp\www\hotel\Hotel\Runtime\Cache\Home\c7c83dd2b0f9c41951e0d66c4b9161dd.php 第 53 行.
NOTIC: [8] Use of undefined constant meeting - assumed 'meeting' F:\wamp\www\hotel\Hotel\Runtime\Cache\Home\c7c83dd2b0f9c41951e0d66c4b9161dd.php 第 54 行.
NOTIC: [8] Use of undefined constant publication - assumed 'publication' F:\wamp\www\hotel\Hotel\Runtime\Cache\Home\c7c83dd2b0f9c41951e0d66c4b9161dd.php 第 60 行.
NOTIC: [8] Use of undefined constant publication - assumed 'publication' F:\wamp\www\hotel\Hotel\Runtime\Cache\Home\c7c83dd2b0f9c41951e0d66c4b9161dd.php 第 61 行.
NOTIC: [8] Use of undefined constant brief - assumed 'brief' F:\wamp\www\hotel\Hotel\Runtime\Cache\Home\c7c83dd2b0f9c41951e0d66c4b9161dd.php 第 62 行.
NOTIC: [8] Use of undefined constant publication - assumed 'publication' F:\wamp\www\hotel\Hotel\Runtime\Cache\Home\c7c83dd2b0f9c41951e0d66c4b9161dd.php 第 98 行.
NOTIC: [8] Use of undefined constant special - assumed 'special' F:\wamp\www\hotel\Hotel\Runtime\Cache\Home\c7c83dd2b0f9c41951e0d66c4b9161dd.php 第 103 行.
NOTIC: [8] Undefined variable: choose F:\wamp\www\hotel\Hotel\Runtime\Cache\Home\c7c83dd2b0f9c41951e0d66c4b9161dd.php 第 103 行.
NOTIC: [8] Use of undefined constant index - assumed 'index' F:\wamp\www\hotel\Hotel\Runtime\Cache\Home\c7c83dd2b0f9c41951e0d66c4b9161dd.php 第 185 行.
NOTIC: [8] Undefined variable: current F:\wamp\www\hotel\Hotel\Runtime\Cache\Home\c7c83dd2b0f9c41951e0d66c4b9161dd.php 第 185 行.
INFO: Run Behavior\ParseTemplateBehavior [ RunTime:0.017859s ]
INFO: [ view_parse ] --END-- [ RunTime:0.017951s ]
INFO: [ view_filter ] --START--
INFO: Run Behavior\WriteHtmlCacheBehavior [ RunTime:0.001136s ]
INFO: [ view_filter ] --END-- [ RunTime:0.001247s ]
INFO: [ app_end ] --START--
INFO: Run Behavior\ShowPageTraceBehavior [ RunTime:0.001424s ]
INFO: [ app_end ] --END-- [ RunTime:0.001533s ]

[ 2016-02-16T17:48:43+08:00 ] ::1 /hotel/index.php/Home/News/index/type/notice.html
INFO: [ app_init ] --START--
INFO: Run Behavior\BuildLiteBehavior [ RunTime:0.000022s ]
INFO: [ app_init ] --END-- [ RunTime:0.000565s ]
INFO: [ app_begin ] --START--
INFO: Run Behavior\ReadHtmlCacheBehavior [ RunTime:0.004819s ]
INFO: [ app_begin ] --END-- [ RunTime:0.005034s ]
INFO: [ view_parse ] --START--
INFO: [ template_filter ] --START--
INFO: Run Behavior\ContentReplaceBehavior [ RunTime:0.000122s ]
INFO: [ template_filter ] --END-- [ RunTime:0.000219s ]
NOTIC: [8] Use of undefined constant news - assumed 'news' F:\wamp\www\hotel\Hotel\Runtime\Cache\Home\c7c83dd2b0f9c41951e0d66c4b9161dd.php 第 50 行.
NOTIC: [8] Use of undefined constant news - assumed 'news' F:\wamp\www\hotel\Hotel\Runtime\Cache\Home\c7c83dd2b0f9c41951e0d66c4b9161dd.php 第 51 行.
NOTIC: [8] Use of undefined constant activity - assumed 'activity' F:\wamp\www\hotel\Hotel\Runtime\Cache\Home\c7c83dd2b0f9c41951e0d66c4b9161dd.php 第 52 行.
NOTIC: [8] Use of undefined constant notice - assumed 'notice' F:\wamp\www\hotel\Hotel\Runtime\Cache\Home\c7c83dd2b0f9c41951e0d66c4b9161dd.php 第 53 行.
NOTIC: [8] Use of undefined constant meeting - assumed 'meeting' F:\wamp\www\hotel\Hotel\Runtime\Cache\Home\c7c83dd2b0f9c41951e0d66c4b9161dd.php 第 54 行.
NOTIC: [8] Use of undefined constant publication - assumed 'publication' F:\wamp\www\hotel\Hotel\Runtime\Cache\Home\c7c83dd2b0f9c41951e0d66c4b9161dd.php 第 60 行.
NOTIC: [8] Use of undefined constant publication - assumed 'publication' F:\wamp\www\hotel\Hotel\Runtime\Cache\Home\c7c83dd2b0f9c41951e0d66c4b9161dd.php 第 61 行.
NOTIC: [8] Use of undefined constant brief - assumed 'brief' F:\wamp\www\hotel\Hotel\Runtime\Cache\Home\c7c83dd2b0f9c41951e0d66c4b9161dd.php 第 62 行.
NOTIC: [8] Use of undefined constant publication - assumed 'publication' F:\wamp\www\hotel\Hotel\Runtime\Cache\Home\c7c83dd2b0f9c41951e0d66c4b9161dd.php 第 98 行.
NOTIC: [8] Use of undefined constant special - assumed 'special' F:\wamp\www\hotel\Hotel\Runtime\Cache\Home\c7c83dd2b0f9c41951e0d66c4b9161dd.php 第 103 行.
NOTIC: [8] Undefined variable: choose F:\wamp\www\hotel\Hotel\Runtime\Cache\Home\c7c83dd2b0f9c41951e0d66c4b9161dd.php 第 103 行.
NOTIC: [8] Use of undefined constant index - assumed 'index' F:\wamp\www\hotel\Hotel\Runtime\Cache\Home\c7c83dd2b0f9c41951e0d66c4b9161dd.php 第 185 行.
NOTIC: [8] Undefined variable: current F:\wamp\www\hotel\Hotel\Runtime\Cache\Home\c7c83dd2b0f9c41951e0d66c4b9161dd.php 第 185 行.
INFO: Run Behavior\ParseTemplateBehavior [ RunTime:0.018947s ]
INFO: [ view_parse ] --END-- [ RunTime:0.019043s ]
INFO: [ view_filter ] --START--
INFO: Run Behavior\WriteHtmlCacheBehavior [ RunTime:0.000586s ]
INFO: [ view_filter ] --END-- [ RunTime:0.000671s ]
INFO: [ app_end ] --START--
INFO: Run Behavior\ShowPageTraceBehavior [ RunTime:0.000664s ]
INFO: [ app_end ] --END-- [ RunTime:0.000741s ]

[ 2016-02-16T17:48:44+08:00 ] ::1 /hotel/index.php/Home/News/index/type/activity.html
INFO: [ app_init ] --START--
INFO: Run Behavior\BuildLiteBehavior [ RunTime:0.000026s ]
INFO: [ app_init ] --END-- [ RunTime:0.000654s ]
INFO: [ app_begin ] --START--
INFO: Run Behavior\ReadHtmlCacheBehavior [ RunTime:0.000806s ]
INFO: [ app_begin ] --END-- [ RunTime:0.000912s ]
INFO: [ view_parse ] --START--
INFO: [ template_filter ] --START--
INFO: Run Behavior\ContentReplaceBehavior [ RunTime:0.000116s ]
INFO: [ template_filter ] --END-- [ RunTime:0.000212s ]
NOTIC: [8] Use of undefined constant news - assumed 'news' F:\wamp\www\hotel\Hotel\Runtime\Cache\Home\c7c83dd2b0f9c41951e0d66c4b9161dd.php 第 50 行.
NOTIC: [8] Use of undefined constant news - assumed 'news' F:\wamp\www\hotel\Hotel\Runtime\Cache\Home\c7c83dd2b0f9c41951e0d66c4b9161dd.php 第 51 行.
NOTIC: [8] Use of undefined constant activity - assumed 'activity' F:\wamp\www\hotel\Hotel\Runtime\Cache\Home\c7c83dd2b0f9c41951e0d66c4b9161dd.php 第 52 行.
NOTIC: [8] Use of undefined constant notice - assumed 'notice' F:\wamp\www\hotel\Hotel\Runtime\Cache\Home\c7c83dd2b0f9c41951e0d66c4b9161dd.php 第 53 行.
NOTIC: [8] Use of undefined constant meeting - assumed 'meeting' F:\wamp\www\hotel\Hotel\Runtime\Cache\Home\c7c83dd2b0f9c41951e0d66c4b9161dd.php 第 54 行.
NOTIC: [8] Use of undefined constant publication - assumed 'publication' F:\wamp\www\hotel\Hotel\Runtime\Cache\Home\c7c83dd2b0f9c41951e0d66c4b9161dd.php 第 60 行.
NOTIC: [8] Use of undefined constant publication - assumed 'publication' F:\wamp\www\hotel\Hotel\Runtime\Cache\Home\c7c83dd2b0f9c41951e0d66c4b9161dd.php 第 61 行.
NOTIC: [8] Use of undefined constant brief - assumed 'brief' F:\wamp\www\hotel\Hotel\Runtime\Cache\Home\c7c83dd2b0f9c41951e0d66c4b9161dd.php 第 62 行.
NOTIC: [8] Use of undefined constant publication - assumed 'publication' F:\wamp\www\hotel\Hotel\Runtime\Cache\Home\c7c83dd2b0f9c41951e0d66c4b9161dd.php 第 98 行.
NOTIC: [8] Use of undefined constant special - assumed 'special' F:\wamp\www\hotel\Hotel\Runtime\Cache\Home\c7c83dd2b0f9c41951e0d66c4b9161dd.php 第 103 行.
NOTIC: [8] Undefined variable: choose F:\wamp\www\hotel\Hotel\Runtime\Cache\Home\c7c83dd2b0f9c41951e0d66c4b9161dd.php 第 103 行.
NOTIC: [8] Use of undefined constant index - assumed 'index' F:\wamp\www\hotel\Hotel\Runtime\Cache\Home\c7c83dd2b0f9c41951e0d66c4b9161dd.php 第 185 行.
NOTIC: [8] Undefined variable: current F:\wamp\www\hotel\Hotel\Runtime\Cache\Home\c7c83dd2b0f9c41951e0d66c4b9161dd.php 第 185 行.
INFO: Run Behavior\ParseTemplateBehavior [ RunTime:0.017539s ]
INFO: [ view_parse ] --END-- [ RunTime:0.017625s ]
INFO: [ view_filter ] --START--
INFO: Run Behavior\WriteHtmlCacheBehavior [ RunTime:0.000465s ]
INFO: [ view_filter ] --END-- [ RunTime:0.000539s ]
INFO: [ app_end ] --START--
INFO: Run Behavior\ShowPageTraceBehavior [ RunTime:0.000678s ]
INFO: [ app_end ] --END-- [ RunTime:0.000759s ]

[ 2016-02-16T17:48:45+08:00 ] ::1 /hotel/index.php/Home/News/index/type/news.html
INFO: [ app_init ] --START--
INFO: Run Behavior\BuildLiteBehavior [ RunTime:0.000052s ]
INFO: [ app_init ] --END-- [ RunTime:0.000682s ]
INFO: [ app_begin ] --START--
INFO: Run Behavior\ReadHtmlCacheBehavior [ RunTime:0.000808s ]
INFO: [ app_begin ] --END-- [ RunTime:0.000921s ]
INFO: [ view_parse ] --START--
INFO: [ template_filter ] --START--
INFO: Run Behavior\ContentReplaceBehavior [ RunTime:0.000122s ]
INFO: [ template_filter ] --END-- [ RunTime:0.000223s ]
NOTIC: [8] Use of undefined constant news - assumed 'news' F:\wamp\www\hotel\Hotel\Runtime\Cache\Home\c7c83dd2b0f9c41951e0d66c4b9161dd.php 第 50 行.
NOTIC: [8] Use of undefined constant news - assumed 'news' F:\wamp\www\hotel\Hotel\Runtime\Cache\Home\c7c83dd2b0f9c41951e0d66c4b9161dd.php 第 51 行.
NOTIC: [8] Use of undefined constant activity - assumed 'activity' F:\wamp\www\hotel\Hotel\Runtime\Cache\Home\c7c83dd2b0f9c41951e0d66c4b9161dd.php 第 52 行.
NOTIC: [8] Use of undefined constant notice - assumed 'notice' F:\wamp\www\hotel\Hotel\Runtime\Cache\Home\c7c83dd2b0f9c41951e0d66c4b9161dd.php 第 53 行.
NOTIC: [8] Use of undefined constant meeting - assumed 'meeting' F:\wamp\www\hotel\Hotel\Runtime\Cache\Home\c7c83dd2b0f9c41951e0d66c4b9161dd.php 第 54 行.
NOTIC: [8] Use of undefined constant publication - assumed 'publication' F:\wamp\www\hotel\Hotel\Runtime\Cache\Home\c7c83dd2b0f9c41951e0d66c4b9161dd.php 第 60 行.
NOTIC: [8] Use of undefined constant publication - assumed 'publication' F:\wamp\www\hotel\Hotel\Runtime\Cache\Home\c7c83dd2b0f9c41951e0d66c4b9161dd.php 第 61 行.
NOTIC: [8] Use of undefined constant brief - assumed 'brief' F:\wamp\www\hotel\Hotel\Runtime\Cache\Home\c7c83dd2b0f9c41951e0d66c4b9161dd.php 第 62 行.
NOTIC: [8] Use of undefined constant publication - assumed 'publication' F:\wamp\www\hotel\Hotel\Runtime\Cache\Home\c7c83dd2b0f9c41951e0d66c4b9161dd.php 第 98 行.
NOTIC: [8] Use of undefined constant special - assumed 'special' F:\wamp\www\hotel\Hotel\Runtime\Cache\Home\c7c83dd2b0f9c41951e0d66c4b9161dd.php 第 103 行.
NOTIC: [8] Undefined variable: choose F:\wamp\www\hotel\Hotel\Runtime\Cache\Home\c7c83dd2b0f9c41951e0d66c4b9161dd.php 第 103 行.
NOTIC: [8] Use of undefined constant index - assumed 'index' F:\wamp\www\hotel\Hotel\Runtime\Cache\Home\c7c83dd2b0f9c41951e0d66c4b9161dd.php 第 185 行.
NOTIC: [8] Undefined variable: current F:\wamp\www\hotel\Hotel\Runtime\Cache\Home\c7c83dd2b0f9c41951e0d66c4b9161dd.php 第 185 行.
INFO: Run Behavior\ParseTemplateBehavior [ RunTime:0.018312s ]
INFO: [ view_parse ] --END-- [ RunTime:0.018410s ]
INFO: [ view_filter ] --START--
INFO: Run Behavior\WriteHtmlCacheBehavior [ RunTime:0.000545s ]
INFO: [ view_filter ] --END-- [ RunTime:0.000622s ]
INFO: [ app_end ] --START--
INFO: Run Behavior\ShowPageTraceBehavior [ RunTime:0.000677s ]
INFO: [ app_end ] --END-- [ RunTime:0.000758s ]

[ 2016-02-16T17:48:56+08:00 ] ::1 /hotel/index.php/Home/News/index/type/activity.html
INFO: [ app_init ] --START--
INFO: Run Behavior\BuildLiteBehavior [ RunTime:0.000023s ]
INFO: [ app_init ] --END-- [ RunTime:0.000504s ]
INFO: [ app_begin ] --START--
INFO: Run Behavior\ReadHtmlCacheBehavior [ RunTime:0.000658s ]
INFO: [ app_begin ] --END-- [ RunTime:0.000749s ]
INFO: [ view_parse ] --START--
INFO: [ template_filter ] --START--
INFO: Run Behavior\ContentReplaceBehavior [ RunTime:0.000121s ]
INFO: [ template_filter ] --END-- [ RunTime:0.000300s ]
NOTIC: [8] Use of undefined constant news - assumed 'news' F:\wamp\www\hotel\Hotel\Runtime\Cache\Home\c7c83dd2b0f9c41951e0d66c4b9161dd.php 第 50 行.
NOTIC: [8] Use of undefined constant news - assumed 'news' F:\wamp\www\hotel\Hotel\Runtime\Cache\Home\c7c83dd2b0f9c41951e0d66c4b9161dd.php 第 51 行.
NOTIC: [8] Use of undefined constant activity - assumed 'activity' F:\wamp\www\hotel\Hotel\Runtime\Cache\Home\c7c83dd2b0f9c41951e0d66c4b9161dd.php 第 52 行.
NOTIC: [8] Use of undefined constant notice - assumed 'notice' F:\wamp\www\hotel\Hotel\Runtime\Cache\Home\c7c83dd2b0f9c41951e0d66c4b9161dd.php 第 53 行.
NOTIC: [8] Use of undefined constant meeting - assumed 'meeting' F:\wamp\www\hotel\Hotel\Runtime\Cache\Home\c7c83dd2b0f9c41951e0d66c4b9161dd.php 第 54 行.
NOTIC: [8] Use of undefined constant publication - assumed 'publication' F:\wamp\www\hotel\Hotel\Runtime\Cache\Home\c7c83dd2b0f9c41951e0d66c4b9161dd.php 第 60 行.
NOTIC: [8] Use of undefined constant publication - assumed 'publication' F:\wamp\www\hotel\Hotel\Runtime\Cache\Home\c7c83dd2b0f9c41951e0d66c4b9161dd.php 第 61 行.
NOTIC: [8] Use of undefined constant brief - assumed 'brief' F:\wamp\www\hotel\Hotel\Runtime\Cache\Home\c7c83dd2b0f9c41951e0d66c4b9161dd.php 第 62 行.
NOTIC: [8] Use of undefined constant publication - assumed 'publication' F:\wamp\www\hotel\Hotel\Runtime\Cache\Home\c7c83dd2b0f9c41951e0d66c4b9161dd.php 第 98 行.
NOTIC: [8] Use of undefined constant special - assumed 'special' F:\wamp\www\hotel\Hotel\Runtime\Cache\Home\c7c83dd2b0f9c41951e0d66c4b9161dd.php 第 103 行.
NOTIC: [8] Undefined variable: choose F:\wamp\www\hotel\Hotel\Runtime\Cache\Home\c7c83dd2b0f9c41951e0d66c4b9161dd.php 第 103 行.
NOTIC: [8] Use of undefined constant index - assumed 'index' F:\wamp\www\hotel\Hotel\Runtime\Cache\Home\c7c83dd2b0f9c41951e0d66c4b9161dd.php 第 185 行.
NOTIC: [8] Undefined variable: current F:\wamp\www\hotel\Hotel\Runtime\Cache\Home\c7c83dd2b0f9c41951e0d66c4b9161dd.php 第 185 行.
INFO: Run Behavior\ParseTemplateBehavior [ RunTime:0.019783s ]
INFO: [ view_parse ] --END-- [ RunTime:0.019892s ]
INFO: [ view_filter ] --START--
INFO: Run Behavior\WriteHtmlCacheBehavior [ RunTime:0.000572s ]
INFO: [ view_filter ] --END-- [ RunTime:0.000650s ]
INFO: [ app_end ] --START--
INFO: Run Behavior\ShowPageTraceBehavior [ RunTime:0.000648s ]
INFO: [ app_end ] --END-- [ RunTime:0.000726s ]

[ 2016-02-16T17:48:59+08:00 ] ::1 /hotel/index.php/Home/News/index/type/notice.html
INFO: [ app_init ] --START--
INFO: Run Behavior\BuildLiteBehavior [ RunTime:0.000023s ]
INFO: [ app_init ] --END-- [ RunTime:0.000586s ]
INFO: [ app_begin ] --START--
INFO: Run Behavior\ReadHtmlCacheBehavior [ RunTime:0.000724s ]
INFO: [ app_begin ] --END-- [ RunTime:0.000815s ]
INFO: [ view_parse ] --START--
INFO: [ template_filter ] --START--
INFO: Run Behavior\ContentReplaceBehavior [ RunTime:0.000117s ]
INFO: [ template_filter ] --END-- [ RunTime:0.000213s ]
NOTIC: [8] Use of undefined constant news - assumed 'news' F:\wamp\www\hotel\Hotel\Runtime\Cache\Home\c7c83dd2b0f9c41951e0d66c4b9161dd.php 第 50 行.
NOTIC: [8] Use of undefined constant news - assumed 'news' F:\wamp\www\hotel\Hotel\Runtime\Cache\Home\c7c83dd2b0f9c41951e0d66c4b9161dd.php 第 51 行.
NOTIC: [8] Use of undefined constant activity - assumed 'activity' F:\wamp\www\hotel\Hotel\Runtime\Cache\Home\c7c83dd2b0f9c41951e0d66c4b9161dd.php 第 52 行.
NOTIC: [8] Use of undefined constant notice - assumed 'notice' F:\wamp\www\hotel\Hotel\Runtime\Cache\Home\c7c83dd2b0f9c41951e0d66c4b9161dd.php 第 53 行.
NOTIC: [8] Use of undefined constant meeting - assumed 'meeting' F:\wamp\www\hotel\Hotel\Runtime\Cache\Home\c7c83dd2b0f9c41951e0d66c4b9161dd.php 第 54 行.
NOTIC: [8] Use of undefined constant publication - assumed 'publication' F:\wamp\www\hotel\Hotel\Runtime\Cache\Home\c7c83dd2b0f9c41951e0d66c4b9161dd.php 第 60 行.
NOTIC: [8] Use of undefined constant publication - assumed 'publication' F:\wamp\www\hotel\Hotel\Runtime\Cache\Home\c7c83dd2b0f9c41951e0d66c4b9161dd.php 第 61 行.
NOTIC: [8] Use of undefined constant brief - assumed 'brief' F:\wamp\www\hotel\Hotel\Runtime\Cache\Home\c7c83dd2b0f9c41951e0d66c4b9161dd.php 第 62 行.
NOTIC: [8] Use of undefined constant publication - assumed 'publication' F:\wamp\www\hotel\Hotel\Runtime\Cache\Home\c7c83dd2b0f9c41951e0d66c4b9161dd.php 第 98 行.
NOTIC: [8] Use of undefined constant special - assumed 'special' F:\wamp\www\hotel\Hotel\Runtime\Cache\Home\c7c83dd2b0f9c41951e0d66c4b9161dd.php 第 103 行.
NOTIC: [8] Undefined variable: choose F:\wamp\www\hotel\Hotel\Runtime\Cache\Home\c7c83dd2b0f9c41951e0d66c4b9161dd.php 第 103 行.
NOTIC: [8] Use of undefined constant index - assumed 'index' F:\wamp\www\hotel\Hotel\Runtime\Cache\Home\c7c83dd2b0f9c41951e0d66c4b9161dd.php 第 185 行.
NOTIC: [8] Undefined variable: current F:\wamp\www\hotel\Hotel\Runtime\Cache\Home\c7c83dd2b0f9c41951e0d66c4b9161dd.php 第 185 行.
INFO: Run Behavior\ParseTemplateBehavior [ RunTime:0.016560s ]
INFO: [ view_parse ] --END-- [ RunTime:0.016645s ]
INFO: [ view_filter ] --START--
INFO: Run Behavior\WriteHtmlCacheBehavior [ RunTime:0.000526s ]
INFO: [ view_filter ] --END-- [ RunTime:0.000607s ]
INFO: [ app_end ] --START--
INFO: Run Behavior\ShowPageTraceBehavior [ RunTime:0.000715s ]
INFO: [ app_end ] --END-- [ RunTime:0.000795s ]

[ 2016-02-16T17:49:01+08:00 ] ::1 /hotel/index.php/Home/News/index/type/meeting.html
INFO: [ app_init ] --START--
INFO: Run Behavior\BuildLiteBehavior [ RunTime:0.000023s ]
INFO: [ app_init ] --END-- [ RunTime:0.000555s ]
INFO: [ app_begin ] --START--
INFO: Run Behavior\ReadHtmlCacheBehavior [ RunTime:0.000851s ]
INFO: [ app_begin ] --END-- [ RunTime:0.000958s ]
INFO: [ view_parse ] --START--
INFO: [ template_filter ] --START--
INFO: Run Behavior\ContentReplaceBehavior [ RunTime:0.000135s ]
INFO: [ template_filter ] --END-- [ RunTime:0.000256s ]
NOTIC: [8] Use of undefined constant news - assumed 'news' F:\wamp\www\hotel\Hotel\Runtime\Cache\Home\c7c83dd2b0f9c41951e0d66c4b9161dd.php 第 50 行.
NOTIC: [8] Use of undefined constant news - assumed 'news' F:\wamp\www\hotel\Hotel\Runtime\Cache\Home\c7c83dd2b0f9c41951e0d66c4b9161dd.php 第 51 行.
NOTIC: [8] Use of undefined constant activity - assumed 'activity' F:\wamp\www\hotel\Hotel\Runtime\Cache\Home\c7c83dd2b0f9c41951e0d66c4b9161dd.php 第 52 行.
NOTIC: [8] Use of undefined constant notice - assumed 'notice' F:\wamp\www\hotel\Hotel\Runtime\Cache\Home\c7c83dd2b0f9c41951e0d66c4b9161dd.php 第 53 行.
NOTIC: [8] Use of undefined constant meeting - assumed 'meeting' F:\wamp\www\hotel\Hotel\Runtime\Cache\Home\c7c83dd2b0f9c41951e0d66c4b9161dd.php 第 54 行.
NOTIC: [8] Use of undefined constant publication - assumed 'publication' F:\wamp\www\hotel\Hotel\Runtime\Cache\Home\c7c83dd2b0f9c41951e0d66c4b9161dd.php 第 60 行.
NOTIC: [8] Use of undefined constant publication - assumed 'publication' F:\wamp\www\hotel\Hotel\Runtime\Cache\Home\c7c83dd2b0f9c41951e0d66c4b9161dd.php 第 61 行.
NOTIC: [8] Use of undefined constant brief - assumed 'brief' F:\wamp\www\hotel\Hotel\Runtime\Cache\Home\c7c83dd2b0f9c41951e0d66c4b9161dd.php 第 62 行.
NOTIC: [8] Use of undefined constant publication - assumed 'publication' F:\wamp\www\hotel\Hotel\Runtime\Cache\Home\c7c83dd2b0f9c41951e0d66c4b9161dd.php 第 98 行.
NOTIC: [8] Use of undefined constant special - assumed 'special' F:\wamp\www\hotel\Hotel\Runtime\Cache\Home\c7c83dd2b0f9c41951e0d66c4b9161dd.php 第 103 行.
NOTIC: [8] Undefined variable: choose F:\wamp\www\hotel\Hotel\Runtime\Cache\Home\c7c83dd2b0f9c41951e0d66c4b9161dd.php 第 103 行.
NOTIC: [8] Use of undefined constant index - assumed 'index' F:\wamp\www\hotel\Hotel\Runtime\Cache\Home\c7c83dd2b0f9c41951e0d66c4b9161dd.php 第 185 行.
NOTIC: [8] Undefined variable: current F:\wamp\www\hotel\Hotel\Runtime\Cache\Home\c7c83dd2b0f9c41951e0d66c4b9161dd.php 第 185 行.
INFO: Run Behavior\ParseTemplateBehavior [ RunTime:0.019320s ]
INFO: [ view_parse ] --END-- [ RunTime:0.019410s ]
INFO: [ view_filter ] --START--
INFO: Run Behavior\WriteHtmlCacheBehavior [ RunTime:0.000764s ]
INFO: [ view_filter ] --END-- [ RunTime:0.000853s ]
INFO: [ app_end ] --START--
INFO: Run Behavior\ShowPageTraceBehavior [ RunTime:0.000689s ]
INFO: [ app_end ] --END-- [ RunTime:0.000771s ]

[ 2016-02-16T17:50:30+08:00 ] ::1 /hotel/index.php/Home/News/book/type/publication.html
INFO: [ app_init ] --START--
INFO: Run Behavior\BuildLiteBehavior [ RunTime:0.000026s ]
INFO: [ app_init ] --END-- [ RunTime:0.000566s ]
INFO: [ app_begin ] --START--
INFO: Run Behavior\ReadHtmlCacheBehavior [ RunTime:0.000761s ]
INFO: [ app_begin ] --END-- [ RunTime:0.000862s ]
INFO: [ view_parse ] --START--
INFO: [ template_filter ] --START--
INFO: Run Behavior\ContentReplaceBehavior [ RunTime:0.000128s ]
INFO: [ template_filter ] --END-- [ RunTime:0.000236s ]
NOTIC: [8] Use of undefined constant news - assumed 'news' F:\wamp\www\hotel\Hotel\Runtime\Cache\Home\da698693fa4b86d285209422dbc3f817.php 第 50 行.
NOTIC: [8] Use of undefined constant news - assumed 'news' F:\wamp\www\hotel\Hotel\Runtime\Cache\Home\da698693fa4b86d285209422dbc3f817.php 第 51 行.
NOTIC: [8] Use of undefined constant activity - assumed 'activity' F:\wamp\www\hotel\Hotel\Runtime\Cache\Home\da698693fa4b86d285209422dbc3f817.php 第 52 行.
NOTIC: [8] Use of undefined constant notice - assumed 'notice' F:\wamp\www\hotel\Hotel\Runtime\Cache\Home\da698693fa4b86d285209422dbc3f817.php 第 53 行.
NOTIC: [8] Use of undefined constant meeting - assumed 'meeting' F:\wamp\www\hotel\Hotel\Runtime\Cache\Home\da698693fa4b86d285209422dbc3f817.php 第 54 行.
NOTIC: [8] Use of undefined constant publication - assumed 'publication' F:\wamp\www\hotel\Hotel\Runtime\Cache\Home\da698693fa4b86d285209422dbc3f817.php 第 60 行.
NOTIC: [8] Use of undefined constant publication - assumed 'publication' F:\wamp\www\hotel\Hotel\Runtime\Cache\Home\da698693fa4b86d285209422dbc3f817.php 第 61 行.
NOTIC: [8] Use of undefined constant brief - assumed 'brief' F:\wamp\www\hotel\Hotel\Runtime\Cache\Home\da698693fa4b86d285209422dbc3f817.php 第 62 行.
NOTIC: [8] Use of undefined constant publication - assumed 'publication' F:\wamp\www\hotel\Hotel\Runtime\Cache\Home\da698693fa4b86d285209422dbc3f817.php 第 98 行.
NOTIC: [8] Use of undefined constant article - assumed 'article' F:\wamp\www\hotel\Hotel\Runtime\Cache\Home\da698693fa4b86d285209422dbc3f817.php 第 99 行.
NOTIC: [8] Use of undefined constant special - assumed 'special' F:\wamp\www\hotel\Hotel\Runtime\Cache\Home\da698693fa4b86d285209422dbc3f817.php 第 100 行.
NOTIC: [8] Use of undefined constant download - assumed 'download' F:\wamp\www\hotel\Hotel\Runtime\Cache\Home\da698693fa4b86d285209422dbc3f817.php 第 101 行.
NOTIC: [8] Use of undefined constant special - assumed 'special' F:\wamp\www\hotel\Hotel\Runtime\Cache\Home\da698693fa4b86d285209422dbc3f817.php 第 103 行.
NOTIC: [8] Use of undefined constant index - assumed 'index' F:\wamp\www\hotel\Hotel\Runtime\Cache\Home\da698693fa4b86d285209422dbc3f817.php 第 185 行.
NOTIC: [8] Undefined variable: current F:\wamp\www\hotel\Hotel\Runtime\Cache\Home\da698693fa4b86d285209422dbc3f817.php 第 185 行.
INFO: Run Behavior\ParseTemplateBehavior [ RunTime:0.018975s ]
INFO: [ view_parse ] --END-- [ RunTime:0.019073s ]
INFO: [ view_filter ] --START--
INFO: Run Behavior\WriteHtmlCacheBehavior [ RunTime:0.000562s ]
INFO: [ view_filter ] --END-- [ RunTime:0.000645s ]
INFO: [ app_end ] --START--
INFO: Run Behavior\ShowPageTraceBehavior [ RunTime:0.000704s ]
INFO: [ app_end ] --END-- [ RunTime:0.000794s ]

[ 2016-02-16T17:50:31+08:00 ] ::1 /hotel/index.php/Home/News/book/type/brief.html
INFO: [ app_init ] --START--
INFO: Run Behavior\BuildLiteBehavior [ RunTime:0.000024s ]
INFO: [ app_init ] --END-- [ RunTime:0.000528s ]
INFO: [ app_begin ] --START--
INFO: Run Behavior\ReadHtmlCacheBehavior [ RunTime:0.000950s ]
INFO: [ app_begin ] --END-- [ RunTime:0.001054s ]
INFO: [ view_parse ] --START--
INFO: [ template_filter ] --START--
INFO: Run Behavior\ContentReplaceBehavior [ RunTime:0.000123s ]
INFO: [ template_filter ] --END-- [ RunTime:0.000236s ]
NOTIC: [8] Use of undefined constant news - assumed 'news' F:\wamp\www\hotel\Hotel\Runtime\Cache\Home\da698693fa4b86d285209422dbc3f817.php 第 50 行.
NOTIC: [8] Use of undefined constant news - assumed 'news' F:\wamp\www\hotel\Hotel\Runtime\Cache\Home\da698693fa4b86d285209422dbc3f817.php 第 51 行.
NOTIC: [8] Use of undefined constant activity - assumed 'activity' F:\wamp\www\hotel\Hotel\Runtime\Cache\Home\da698693fa4b86d285209422dbc3f817.php 第 52 行.
NOTIC: [8] Use of undefined constant notice - assumed 'notice' F:\wamp\www\hotel\Hotel\Runtime\Cache\Home\da698693fa4b86d285209422dbc3f817.php 第 53 行.
NOTIC: [8] Use of undefined constant meeting - assumed 'meeting' F:\wamp\www\hotel\Hotel\Runtime\Cache\Home\da698693fa4b86d285209422dbc3f817.php 第 54 行.
NOTIC: [8] Use of undefined constant publication - assumed 'publication' F:\wamp\www\hotel\Hotel\Runtime\Cache\Home\da698693fa4b86d285209422dbc3f817.php 第 60 行.
NOTIC: [8] Use of undefined constant publication - assumed 'publication' F:\wamp\www\hotel\Hotel\Runtime\Cache\Home\da698693fa4b86d285209422dbc3f817.php 第 61 行.
NOTIC: [8] Use of undefined constant brief - assumed 'brief' F:\wamp\www\hotel\Hotel\Runtime\Cache\Home\da698693fa4b86d285209422dbc3f817.php 第 62 行.
NOTIC: [8] Use of undefined constant publication - assumed 'publication' F:\wamp\www\hotel\Hotel\Runtime\Cache\Home\da698693fa4b86d285209422dbc3f817.php 第 98 行.
NOTIC: [8] Use of undefined constant special - assumed 'special' F:\wamp\www\hotel\Hotel\Runtime\Cache\Home\da698693fa4b86d285209422dbc3f817.php 第 103 行.
NOTIC: [8] Undefined variable: choose F:\wamp\www\hotel\Hotel\Runtime\Cache\Home\da698693fa4b86d285209422dbc3f817.php 第 103 行.
NOTIC: [8] Use of undefined constant index - assumed 'index' F:\wamp\www\hotel\Hotel\Runtime\Cache\Home\da698693fa4b86d285209422dbc3f817.php 第 185 行.
NOTIC: [8] Undefined variable: current F:\wamp\www\hotel\Hotel\Runtime\Cache\Home\da698693fa4b86d285209422dbc3f817.php 第 185 行.
INFO: Run Behavior\ParseTemplateBehavior [ RunTime:0.017342s ]
INFO: [ view_parse ] --END-- [ RunTime:0.017431s ]
INFO: [ view_filter ] --START--
INFO: Run Behavior\WriteHtmlCacheBehavior [ RunTime:0.000509s ]
INFO: [ view_filter ] --END-- [ RunTime:0.000587s ]
INFO: [ app_end ] --START--
INFO: Run Behavior\ShowPageTraceBehavior [ RunTime:0.000689s ]
INFO: [ app_end ] --END-- [ RunTime:0.000774s ]

[ 2016-02-16T17:51:49+08:00 ] ::1 /hotel/index.php/Home/Intelligence/index/type/monthly.html
INFO: [ app_init ] --START--
INFO: Run Behavior\BuildLiteBehavior [ RunTime:0.000023s ]
INFO: [ app_init ] --END-- [ RunTime:0.000578s ]
INFO: [ app_begin ] --START--
INFO: Run Behavior\ReadHtmlCacheBehavior [ RunTime:0.000714s ]
INFO: [ app_begin ] --END-- [ RunTime:0.000802s ]
INFO: [ view_parse ] --START--
INFO: [ template_filter ] --START--
INFO: Run Behavior\ContentReplaceBehavior [ RunTime:0.000092s ]
INFO: [ template_filter ] --END-- [ RunTime:0.000183s ]
NOTIC: [8] Use of undefined constant monthly - assumed 'monthly' F:\wamp\www\hotel\Hotel\Runtime\Cache\Home\dfec652425a22c9c5dfb4221f60276ef.php 第 48 行.
NOTIC: [8] Use of undefined constant yearly - assumed 'yearly' F:\wamp\www\hotel\Hotel\Runtime\Cache\Home\dfec652425a22c9c5dfb4221f60276ef.php 第 49 行.
NOTIC: [8] Use of undefined constant gjh - assumed 'gjh' F:\wamp\www\hotel\Hotel\Runtime\Cache\Home\dfec652425a22c9c5dfb4221f60276ef.php 第 50 行.
NOTIC: [8] Use of undefined constant upload - assumed 'upload' F:\wamp\www\hotel\Hotel\Runtime\Cache\Home\dfec652425a22c9c5dfb4221f60276ef.php 第 51 行.
NOTIC: [8] Use of undefined constant index - assumed 'index' F:\wamp\www\hotel\Hotel\Runtime\Cache\Home\dfec652425a22c9c5dfb4221f60276ef.php 第 89 行.
NOTIC: [8] Undefined variable: current F:\wamp\www\hotel\Hotel\Runtime\Cache\Home\dfec652425a22c9c5dfb4221f60276ef.php 第 89 行.
INFO: Run Behavior\ParseTemplateBehavior [ RunTime:0.016531s ]
INFO: [ view_parse ] --END-- [ RunTime:0.016620s ]
INFO: [ view_filter ] --START--
INFO: Run Behavior\WriteHtmlCacheBehavior [ RunTime:0.000449s ]
INFO: [ view_filter ] --END-- [ RunTime:0.000523s ]
INFO: [ app_end ] --START--
INFO: Run Behavior\ShowPageTraceBehavior [ RunTime:0.000657s ]
INFO: [ app_end ] --END-- [ RunTime:0.000734s ]

[ 2016-02-16T17:53:25+08:00 ] ::1 /hotel/index.php/Home/Intelligence/index/type/gjh.html
INFO: [ app_init ] --START--
INFO: Run Behavior\BuildLiteBehavior [ RunTime:0.000024s ]
INFO: [ app_init ] --END-- [ RunTime:0.000583s ]
INFO: [ app_begin ] --START--
INFO: Run Behavior\ReadHtmlCacheBehavior [ RunTime:0.000667s ]
INFO: [ app_begin ] --END-- [ RunTime:0.000758s ]
INFO: [ view_parse ] --START--
INFO: [ template_filter ] --START--
INFO: Run Behavior\ContentReplaceBehavior [ RunTime:0.000094s ]
INFO: [ template_filter ] --END-- [ RunTime:0.000186s ]
NOTIC: [8] Use of undefined constant monthly - assumed 'monthly' F:\wamp\www\hotel\Hotel\Runtime\Cache\Home\dfec652425a22c9c5dfb4221f60276ef.php 第 48 行.
NOTIC: [8] Use of undefined constant yearly - assumed 'yearly' F:\wamp\www\hotel\Hotel\Runtime\Cache\Home\dfec652425a22c9c5dfb4221f60276ef.php 第 49 行.
NOTIC: [8] Use of undefined constant gjh - assumed 'gjh' F:\wamp\www\hotel\Hotel\Runtime\Cache\Home\dfec652425a22c9c5dfb4221f60276ef.php 第 50 行.
NOTIC: [8] Use of undefined constant upload - assumed 'upload' F:\wamp\www\hotel\Hotel\Runtime\Cache\Home\dfec652425a22c9c5dfb4221f60276ef.php 第 51 行.
NOTIC: [8] Use of undefined constant index - assumed 'index' F:\wamp\www\hotel\Hotel\Runtime\Cache\Home\dfec652425a22c9c5dfb4221f60276ef.php 第 89 行.
NOTIC: [8] Undefined variable: current F:\wamp\www\hotel\Hotel\Runtime\Cache\Home\dfec652425a22c9c5dfb4221f60276ef.php 第 89 行.
INFO: Run Behavior\ParseTemplateBehavior [ RunTime:0.015201s ]
INFO: [ view_parse ] --END-- [ RunTime:0.015292s ]
INFO: [ view_filter ] --START--
INFO: Run Behavior\WriteHtmlCacheBehavior [ RunTime:0.000451s ]
INFO: [ view_filter ] --END-- [ RunTime:0.000524s ]
INFO: [ app_end ] --START--
INFO: Run Behavior\ShowPageTraceBehavior [ RunTime:0.000649s ]
INFO: [ app_end ] --END-- [ RunTime:0.000727s ]

[ 2016-02-16T17:53:26+08:00 ] ::1 /hotel/index.php/Home/Intelligence/index/type/upload.html
INFO: [ app_init ] --START--
INFO: Run Behavior\BuildLiteBehavior [ RunTime:0.000028s ]
INFO: [ app_init ] --END-- [ RunTime:0.000659s ]
INFO: [ app_begin ] --START--
INFO: Run Behavior\ReadHtmlCacheBehavior [ RunTime:0.000728s ]
INFO: [ app_begin ] --END-- [ RunTime:0.000819s ]
INFO: [ view_parse ] --START--
INFO: [ template_filter ] --START--
INFO: Run Behavior\ContentReplaceBehavior [ RunTime:0.000097s ]
INFO: [ template_filter ] --END-- [ RunTime:0.000202s ]
NOTIC: [8] Use of undefined constant monthly - assumed 'monthly' F:\wamp\www\hotel\Hotel\Runtime\Cache\Home\dfec652425a22c9c5dfb4221f60276ef.php 第 48 行.
NOTIC: [8] Use of undefined constant yearly - assumed 'yearly' F:\wamp\www\hotel\Hotel\Runtime\Cache\Home\dfec652425a22c9c5dfb4221f60276ef.php 第 49 行.
NOTIC: [8] Use of undefined constant gjh - assumed 'gjh' F:\wamp\www\hotel\Hotel\Runtime\Cache\Home\dfec652425a22c9c5dfb4221f60276ef.php 第 50 行.
NOTIC: [8] Use of undefined constant upload - assumed 'upload' F:\wamp\www\hotel\Hotel\Runtime\Cache\Home\dfec652425a22c9c5dfb4221f60276ef.php 第 51 行.
NOTIC: [8] Use of undefined constant index - assumed 'index' F:\wamp\www\hotel\Hotel\Runtime\Cache\Home\dfec652425a22c9c5dfb4221f60276ef.php 第 89 行.
NOTIC: [8] Undefined variable: current F:\wamp\www\hotel\Hotel\Runtime\Cache\Home\dfec652425a22c9c5dfb4221f60276ef.php 第 89 行.
INFO: Run Behavior\ParseTemplateBehavior [ RunTime:0.013041s ]
INFO: [ view_parse ] --END-- [ RunTime:0.013130s ]
INFO: [ view_filter ] --START--
INFO: Run Behavior\WriteHtmlCacheBehavior [ RunTime:0.000604s ]
INFO: [ view_filter ] --END-- [ RunTime:0.000681s ]
INFO: [ app_end ] --START--
INFO: Run Behavior\ShowPageTraceBehavior [ RunTime:0.000745s ]
INFO: [ app_end ] --END-- [ RunTime:0.000824s ]

[ 2016-02-16T17:57:43+08:00 ] ::1 /hotel/index.php/Home/Intelligence/index/type/upload.html
INFO: [ app_init ] --START--
INFO: Run Behavior\BuildLiteBehavior [ RunTime:0.000070s ]
INFO: [ app_init ] --END-- [ RunTime:0.014492s ]
INFO: [ app_begin ] --START--
INFO: Run Behavior\ReadHtmlCacheBehavior [ RunTime:0.014399s ]
INFO: [ app_begin ] --END-- [ RunTime:0.014510s ]
INFO: [ view_parse ] --START--
INFO: [ template_filter ] --START--
INFO: Run Behavior\ContentReplaceBehavior [ RunTime:0.020303s ]
INFO: [ template_filter ] --END-- [ RunTime:0.020499s ]
NOTIC: [8] Use of undefined constant monthly - assumed 'monthly' F:\wamp\www\hotel\Hotel\Runtime\Cache\Home\dfec652425a22c9c5dfb4221f60276ef.php 第 48 行.
NOTIC: [8] Use of undefined constant yearly - assumed 'yearly' F:\wamp\www\hotel\Hotel\Runtime\Cache\Home\dfec652425a22c9c5dfb4221f60276ef.php 第 49 行.
NOTIC: [8] Use of undefined constant gjh - assumed 'gjh' F:\wamp\www\hotel\Hotel\Runtime\Cache\Home\dfec652425a22c9c5dfb4221f60276ef.php 第 50 行.
NOTIC: [8] Use of undefined constant upload - assumed 'upload' F:\wamp\www\hotel\Hotel\Runtime\Cache\Home\dfec652425a22c9c5dfb4221f60276ef.php 第 51 行.
NOTIC: [8] Use of undefined constant index - assumed 'index' F:\wamp\www\hotel\Hotel\Runtime\Cache\Home\dfec652425a22c9c5dfb4221f60276ef.php 第 89 行.
NOTIC: [8] Undefined variable: current F:\wamp\www\hotel\Hotel\Runtime\Cache\Home\dfec652425a22c9c5dfb4221f60276ef.php 第 89 行.
INFO: Run Behavior\ParseTemplateBehavior [ RunTime:0.451954s ]
INFO: [ view_parse ] --END-- [ RunTime:0.452238s ]
INFO: [ view_filter ] --START--
INFO: Run Behavior\WriteHtmlCacheBehavior [ RunTime:0.010660s ]
INFO: [ view_filter ] --END-- [ RunTime:0.010918s ]
INFO: [ app_end ] --START--
INFO: Run Behavior\ShowPageTraceBehavior [ RunTime:0.009674s ]
INFO: [ app_end ] --END-- [ RunTime:0.010001s ]

