[ 2016-02-17T16:38:44+08:00 ] ::1 /hotel/index.php/Home
INFO: [ app_init ] --START--
INFO: Run Behavior\BuildLiteBehavior [ RunTime:0.000023s ]
INFO: [ app_init ] --END-- [ RunTime:0.000564s ]
INFO: [ app_begin ] --START--
INFO: Run Behavior\ReadHtmlCacheBehavior [ RunTime:0.001111s ]
INFO: [ app_begin ] --END-- [ RunTime:0.001215s ]
INFO: [ view_parse ] --START--
INFO: [ template_filter ] --START--
INFO: Run Behavior\ContentReplaceBehavior [ RunTime:0.000120s ]
INFO: [ template_filter ] --END-- [ RunTime:0.000225s ]
NOTIC: [8] Use of undefined constant index - assumed 'index' F:\wamp\www\hotel\Hotel\Runtime\Cache\Home\2a09bc7c9210959c45a760563e5a82e9.php 第 222 行.
INFO: Run Behavior\ParseTemplateBehavior [ RunTime:0.032740s ]
INFO: [ view_parse ] --END-- [ RunTime:0.032832s ]
INFO: [ view_filter ] --START--
INFO: Run Behavior\WriteHtmlCacheBehavior [ RunTime:0.000694s ]
INFO: [ view_filter ] --END-- [ RunTime:0.000778s ]
INFO: [ app_end ] --START--
INFO: Run Behavior\ShowPageTraceBehavior [ RunTime:0.000847s ]
INFO: [ app_end ] --END-- [ RunTime:0.000984s ]

[ 2016-02-17T16:38:47+08:00 ] ::1 /hotel/index.php/Home/News/index/type/news.html
INFO: [ app_init ] --START--
INFO: Run Behavior\BuildLiteBehavior [ RunTime:0.000025s ]
INFO: [ app_init ] --END-- [ RunTime:0.000624s ]
INFO: [ app_begin ] --START--
INFO: Run Behavior\ReadHtmlCacheBehavior [ RunTime:0.000988s ]
INFO: [ app_begin ] --END-- [ RunTime:0.001101s ]
INFO: [ view_parse ] --START--
INFO: [ template_filter ] --START--
INFO: Run Behavior\ContentReplaceBehavior [ RunTime:0.000116s ]
INFO: [ template_filter ] --END-- [ RunTime:0.000207s ]
NOTIC: [8] Use of undefined constant news - assumed 'news' F:\wamp\www\hotel\Hotel\Runtime\Cache\Home\c7c83dd2b0f9c41951e0d66c4b9161dd.php 第 50 行.
NOTIC: [8] Use of undefined constant news - assumed 'news' F:\wamp\www\hotel\Hotel\Runtime\Cache\Home\c7c83dd2b0f9c41951e0d66c4b9161dd.php 第 51 行.
NOTIC: [8] Use of undefined constant activity - assumed 'activity' F:\wamp\www\hotel\Hotel\Runtime\Cache\Home\c7c83dd2b0f9c41951e0d66c4b9161dd.php 第 52 行.
NOTIC: [8] Use of undefined constant notice - assumed 'notice' F:\wamp\www\hotel\Hotel\Runtime\Cache\Home\c7c83dd2b0f9c41951e0d66c4b9161dd.php 第 53 行.
NOTIC: [8] Use of undefined constant meeting - assumed 'meeting' F:\wamp\www\hotel\Hotel\Runtime\Cache\Home\c7c83dd2b0f9c41951e0d66c4b9161dd.php 第 54 行.
NOTIC: [8] Use of undefined constant publication - assumed 'publication' F:\wamp\www\hotel\Hotel\Runtime\Cache\Home\c7c83dd2b0f9c41951e0d66c4b9161dd.php 第 60 行.
NOTIC: [8] Use of undefined constant publication - assumed 'publication' F:\wamp\www\hotel\Hotel\Runtime\Cache\Home\c7c83dd2b0f9c41951e0d66c4b9161dd.php 第 61 行.
NOTIC: [8] Use of undefined constant brief - assumed 'brief' F:\wamp\www\hotel\Hotel\Runtime\Cache\Home\c7c83dd2b0f9c41951e0d66c4b9161dd.php 第 62 行.
NOTIC: [8] Use of undefined constant publication - assumed 'publication' F:\wamp\www\hotel\Hotel\Runtime\Cache\Home\c7c83dd2b0f9c41951e0d66c4b9161dd.php 第 98 行.
NOTIC: [8] Use of undefined constant special - assumed 'special' F:\wamp\www\hotel\Hotel\Runtime\Cache\Home\c7c83dd2b0f9c41951e0d66c4b9161dd.php 第 103 行.
NOTIC: [8] Undefined variable: choose F:\wamp\www\hotel\Hotel\Runtime\Cache\Home\c7c83dd2b0f9c41951e0d66c4b9161dd.php 第 103 行.
NOTIC: [8] Use of undefined constant index - assumed 'index' F:\wamp\www\hotel\Hotel\Runtime\Cache\Home\c7c83dd2b0f9c41951e0d66c4b9161dd.php 第 185 行.
NOTIC: [8] Undefined variable: current F:\wamp\www\hotel\Hotel\Runtime\Cache\Home\c7c83dd2b0f9c41951e0d66c4b9161dd.php 第 185 行.
INFO: Run Behavior\ParseTemplateBehavior [ RunTime:0.016443s ]
INFO: [ view_parse ] --END-- [ RunTime:0.016527s ]
INFO: [ view_filter ] --START--
INFO: Run Behavior\WriteHtmlCacheBehavior [ RunTime:0.000521s ]
INFO: [ view_filter ] --END-- [ RunTime:0.000594s ]
INFO: [ app_end ] --START--
INFO: Run Behavior\ShowPageTraceBehavior [ RunTime:0.000652s ]
INFO: [ app_end ] --END-- [ RunTime:0.000735s ]

[ 2016-02-17T16:39:28+08:00 ] ::1 /hotel/index.php/Home/News/index/type/news.html
INFO: [ app_init ] --START--
INFO: Run Behavior\BuildLiteBehavior [ RunTime:0.000028s ]
INFO: [ app_init ] --END-- [ RunTime:0.001366s ]
INFO: [ app_begin ] --START--
INFO: Run Behavior\ReadHtmlCacheBehavior [ RunTime:0.001576s ]
INFO: [ app_begin ] --END-- [ RunTime:0.001717s ]
INFO: [ view_parse ] --START--
INFO: [ template_filter ] --START--
INFO: Run Behavior\ContentReplaceBehavior [ RunTime:0.000117s ]
INFO: [ template_filter ] --END-- [ RunTime:0.000209s ]
NOTIC: [8] Use of undefined constant news - assumed 'news' F:\wamp\www\hotel\Hotel\Runtime\Cache\Home\c7c83dd2b0f9c41951e0d66c4b9161dd.php 第 50 行.
NOTIC: [8] Use of undefined constant news - assumed 'news' F:\wamp\www\hotel\Hotel\Runtime\Cache\Home\c7c83dd2b0f9c41951e0d66c4b9161dd.php 第 51 行.
NOTIC: [8] Use of undefined constant activity - assumed 'activity' F:\wamp\www\hotel\Hotel\Runtime\Cache\Home\c7c83dd2b0f9c41951e0d66c4b9161dd.php 第 52 行.
NOTIC: [8] Use of undefined constant notice - assumed 'notice' F:\wamp\www\hotel\Hotel\Runtime\Cache\Home\c7c83dd2b0f9c41951e0d66c4b9161dd.php 第 53 行.
NOTIC: [8] Use of undefined constant meeting - assumed 'meeting' F:\wamp\www\hotel\Hotel\Runtime\Cache\Home\c7c83dd2b0f9c41951e0d66c4b9161dd.php 第 54 行.
NOTIC: [8] Use of undefined constant publication - assumed 'publication' F:\wamp\www\hotel\Hotel\Runtime\Cache\Home\c7c83dd2b0f9c41951e0d66c4b9161dd.php 第 60 行.
NOTIC: [8] Use of undefined constant publication - assumed 'publication' F:\wamp\www\hotel\Hotel\Runtime\Cache\Home\c7c83dd2b0f9c41951e0d66c4b9161dd.php 第 61 行.
NOTIC: [8] Use of undefined constant brief - assumed 'brief' F:\wamp\www\hotel\Hotel\Runtime\Cache\Home\c7c83dd2b0f9c41951e0d66c4b9161dd.php 第 62 行.
NOTIC: [8] Use of undefined constant publication - assumed 'publication' F:\wamp\www\hotel\Hotel\Runtime\Cache\Home\c7c83dd2b0f9c41951e0d66c4b9161dd.php 第 98 行.
NOTIC: [8] Use of undefined constant special - assumed 'special' F:\wamp\www\hotel\Hotel\Runtime\Cache\Home\c7c83dd2b0f9c41951e0d66c4b9161dd.php 第 103 行.
NOTIC: [8] Undefined variable: choose F:\wamp\www\hotel\Hotel\Runtime\Cache\Home\c7c83dd2b0f9c41951e0d66c4b9161dd.php 第 103 行.
NOTIC: [8] Use of undefined constant index - assumed 'index' F:\wamp\www\hotel\Hotel\Runtime\Cache\Home\c7c83dd2b0f9c41951e0d66c4b9161dd.php 第 185 行.
NOTIC: [8] Undefined variable: current F:\wamp\www\hotel\Hotel\Runtime\Cache\Home\c7c83dd2b0f9c41951e0d66c4b9161dd.php 第 185 行.
INFO: Run Behavior\ParseTemplateBehavior [ RunTime:0.021795s ]
INFO: [ view_parse ] --END-- [ RunTime:0.021886s ]
INFO: [ view_filter ] --START--
INFO: Run Behavior\WriteHtmlCacheBehavior [ RunTime:0.000529s ]
INFO: [ view_filter ] --END-- [ RunTime:0.000606s ]
INFO: [ app_end ] --START--
INFO: Run Behavior\ShowPageTraceBehavior [ RunTime:0.000668s ]
INFO: [ app_end ] --END-- [ RunTime:0.000750s ]

[ 2016-02-17T16:39:29+08:00 ] ::1 /hotel/index.php/Home/News/index/type/activity.html
INFO: [ app_init ] --START--
INFO: Run Behavior\BuildLiteBehavior [ RunTime:0.000025s ]
INFO: [ app_init ] --END-- [ RunTime:0.000563s ]
INFO: [ app_begin ] --START--
INFO: Run Behavior\ReadHtmlCacheBehavior [ RunTime:0.000743s ]
INFO: [ app_begin ] --END-- [ RunTime:0.000849s ]
INFO: [ view_parse ] --START--
INFO: [ template_filter ] --START--
INFO: Run Behavior\ContentReplaceBehavior [ RunTime:0.000319s ]
INFO: [ template_filter ] --END-- [ RunTime:0.000429s ]
NOTIC: [8] Use of undefined constant news - assumed 'news' F:\wamp\www\hotel\Hotel\Runtime\Cache\Home\c7c83dd2b0f9c41951e0d66c4b9161dd.php 第 50 行.
NOTIC: [8] Use of undefined constant news - assumed 'news' F:\wamp\www\hotel\Hotel\Runtime\Cache\Home\c7c83dd2b0f9c41951e0d66c4b9161dd.php 第 51 行.
NOTIC: [8] Use of undefined constant activity - assumed 'activity' F:\wamp\www\hotel\Hotel\Runtime\Cache\Home\c7c83dd2b0f9c41951e0d66c4b9161dd.php 第 52 行.
NOTIC: [8] Use of undefined constant notice - assumed 'notice' F:\wamp\www\hotel\Hotel\Runtime\Cache\Home\c7c83dd2b0f9c41951e0d66c4b9161dd.php 第 53 行.
NOTIC: [8] Use of undefined constant meeting - assumed 'meeting' F:\wamp\www\hotel\Hotel\Runtime\Cache\Home\c7c83dd2b0f9c41951e0d66c4b9161dd.php 第 54 行.
NOTIC: [8] Use of undefined constant publication - assumed 'publication' F:\wamp\www\hotel\Hotel\Runtime\Cache\Home\c7c83dd2b0f9c41951e0d66c4b9161dd.php 第 60 行.
NOTIC: [8] Use of undefined constant publication - assumed 'publication' F:\wamp\www\hotel\Hotel\Runtime\Cache\Home\c7c83dd2b0f9c41951e0d66c4b9161dd.php 第 61 行.
NOTIC: [8] Use of undefined constant brief - assumed 'brief' F:\wamp\www\hotel\Hotel\Runtime\Cache\Home\c7c83dd2b0f9c41951e0d66c4b9161dd.php 第 62 行.
NOTIC: [8] Use of undefined constant publication - assumed 'publication' F:\wamp\www\hotel\Hotel\Runtime\Cache\Home\c7c83dd2b0f9c41951e0d66c4b9161dd.php 第 98 行.
NOTIC: [8] Use of undefined constant special - assumed 'special' F:\wamp\www\hotel\Hotel\Runtime\Cache\Home\c7c83dd2b0f9c41951e0d66c4b9161dd.php 第 103 行.
NOTIC: [8] Undefined variable: choose F:\wamp\www\hotel\Hotel\Runtime\Cache\Home\c7c83dd2b0f9c41951e0d66c4b9161dd.php 第 103 行.
NOTIC: [8] Use of undefined constant index - assumed 'index' F:\wamp\www\hotel\Hotel\Runtime\Cache\Home\c7c83dd2b0f9c41951e0d66c4b9161dd.php 第 185 行.
NOTIC: [8] Undefined variable: current F:\wamp\www\hotel\Hotel\Runtime\Cache\Home\c7c83dd2b0f9c41951e0d66c4b9161dd.php 第 185 行.
INFO: Run Behavior\ParseTemplateBehavior [ RunTime:0.018560s ]
INFO: [ view_parse ] --END-- [ RunTime:0.018652s ]
INFO: [ view_filter ] --START--
INFO: Run Behavior\WriteHtmlCacheBehavior [ RunTime:0.000556s ]
INFO: [ view_filter ] --END-- [ RunTime:0.000630s ]
INFO: [ app_end ] --START--
INFO: Run Behavior\ShowPageTraceBehavior [ RunTime:0.000671s ]
INFO: [ app_end ] --END-- [ RunTime:0.000747s ]

[ 2016-02-17T16:39:30+08:00 ] ::1 /hotel/index.php/Home/News/index/type/notice.html
INFO: [ app_init ] --START--
INFO: Run Behavior\BuildLiteBehavior [ RunTime:0.000027s ]
INFO: [ app_init ] --END-- [ RunTime:0.000604s ]
INFO: [ app_begin ] --START--
INFO: Run Behavior\ReadHtmlCacheBehavior [ RunTime:0.000756s ]
INFO: [ app_begin ] --END-- [ RunTime:0.000851s ]
INFO: [ view_parse ] --START--
INFO: [ template_filter ] --START--
INFO: Run Behavior\ContentReplaceBehavior [ RunTime:0.000118s ]
INFO: [ template_filter ] --END-- [ RunTime:0.000211s ]
NOTIC: [8] Use of undefined constant news - assumed 'news' F:\wamp\www\hotel\Hotel\Runtime\Cache\Home\c7c83dd2b0f9c41951e0d66c4b9161dd.php 第 50 行.
NOTIC: [8] Use of undefined constant news - assumed 'news' F:\wamp\www\hotel\Hotel\Runtime\Cache\Home\c7c83dd2b0f9c41951e0d66c4b9161dd.php 第 51 行.
NOTIC: [8] Use of undefined constant activity - assumed 'activity' F:\wamp\www\hotel\Hotel\Runtime\Cache\Home\c7c83dd2b0f9c41951e0d66c4b9161dd.php 第 52 行.
NOTIC: [8] Use of undefined constant notice - assumed 'notice' F:\wamp\www\hotel\Hotel\Runtime\Cache\Home\c7c83dd2b0f9c41951e0d66c4b9161dd.php 第 53 行.
NOTIC: [8] Use of undefined constant meeting - assumed 'meeting' F:\wamp\www\hotel\Hotel\Runtime\Cache\Home\c7c83dd2b0f9c41951e0d66c4b9161dd.php 第 54 行.
NOTIC: [8] Use of undefined constant publication - assumed 'publication' F:\wamp\www\hotel\Hotel\Runtime\Cache\Home\c7c83dd2b0f9c41951e0d66c4b9161dd.php 第 60 行.
NOTIC: [8] Use of undefined constant publication - assumed 'publication' F:\wamp\www\hotel\Hotel\Runtime\Cache\Home\c7c83dd2b0f9c41951e0d66c4b9161dd.php 第 61 行.
NOTIC: [8] Use of undefined constant brief - assumed 'brief' F:\wamp\www\hotel\Hotel\Runtime\Cache\Home\c7c83dd2b0f9c41951e0d66c4b9161dd.php 第 62 行.
NOTIC: [8] Use of undefined constant publication - assumed 'publication' F:\wamp\www\hotel\Hotel\Runtime\Cache\Home\c7c83dd2b0f9c41951e0d66c4b9161dd.php 第 98 行.
NOTIC: [8] Use of undefined constant special - assumed 'special' F:\wamp\www\hotel\Hotel\Runtime\Cache\Home\c7c83dd2b0f9c41951e0d66c4b9161dd.php 第 103 行.
NOTIC: [8] Undefined variable: choose F:\wamp\www\hotel\Hotel\Runtime\Cache\Home\c7c83dd2b0f9c41951e0d66c4b9161dd.php 第 103 行.
NOTIC: [8] Use of undefined constant index - assumed 'index' F:\wamp\www\hotel\Hotel\Runtime\Cache\Home\c7c83dd2b0f9c41951e0d66c4b9161dd.php 第 185 行.
NOTIC: [8] Undefined variable: current F:\wamp\www\hotel\Hotel\Runtime\Cache\Home\c7c83dd2b0f9c41951e0d66c4b9161dd.php 第 185 行.
INFO: Run Behavior\ParseTemplateBehavior [ RunTime:0.025393s ]
INFO: [ view_parse ] --END-- [ RunTime:0.025476s ]
INFO: [ view_filter ] --START--
INFO: Run Behavior\WriteHtmlCacheBehavior [ RunTime:0.000576s ]
INFO: [ view_filter ] --END-- [ RunTime:0.000650s ]
INFO: [ app_end ] --START--
INFO: Run Behavior\ShowPageTraceBehavior [ RunTime:0.000695s ]
INFO: [ app_end ] --END-- [ RunTime:0.000779s ]

[ 2016-02-17T16:39:31+08:00 ] ::1 /hotel/index.php/Home/News/index/type/meeting.html
INFO: [ app_init ] --START--
INFO: Run Behavior\BuildLiteBehavior [ RunTime:0.000024s ]
INFO: [ app_init ] --END-- [ RunTime:0.000831s ]
INFO: [ app_begin ] --START--
INFO: Run Behavior\ReadHtmlCacheBehavior [ RunTime:0.000742s ]
INFO: [ app_begin ] --END-- [ RunTime:0.000845s ]
INFO: [ view_parse ] --START--
INFO: [ template_filter ] --START--
INFO: Run Behavior\ContentReplaceBehavior [ RunTime:0.000120s ]
INFO: [ template_filter ] --END-- [ RunTime:0.000214s ]
NOTIC: [8] Use of undefined constant news - assumed 'news' F:\wamp\www\hotel\Hotel\Runtime\Cache\Home\c7c83dd2b0f9c41951e0d66c4b9161dd.php 第 50 行.
NOTIC: [8] Use of undefined constant news - assumed 'news' F:\wamp\www\hotel\Hotel\Runtime\Cache\Home\c7c83dd2b0f9c41951e0d66c4b9161dd.php 第 51 行.
NOTIC: [8] Use of undefined constant activity - assumed 'activity' F:\wamp\www\hotel\Hotel\Runtime\Cache\Home\c7c83dd2b0f9c41951e0d66c4b9161dd.php 第 52 行.
NOTIC: [8] Use of undefined constant notice - assumed 'notice' F:\wamp\www\hotel\Hotel\Runtime\Cache\Home\c7c83dd2b0f9c41951e0d66c4b9161dd.php 第 53 行.
NOTIC: [8] Use of undefined constant meeting - assumed 'meeting' F:\wamp\www\hotel\Hotel\Runtime\Cache\Home\c7c83dd2b0f9c41951e0d66c4b9161dd.php 第 54 行.
NOTIC: [8] Use of undefined constant publication - assumed 'publication' F:\wamp\www\hotel\Hotel\Runtime\Cache\Home\c7c83dd2b0f9c41951e0d66c4b9161dd.php 第 60 行.
NOTIC: [8] Use of undefined constant publication - assumed 'publication' F:\wamp\www\hotel\Hotel\Runtime\Cache\Home\c7c83dd2b0f9c41951e0d66c4b9161dd.php 第 61 行.
NOTIC: [8] Use of undefined constant brief - assumed 'brief' F:\wamp\www\hotel\Hotel\Runtime\Cache\Home\c7c83dd2b0f9c41951e0d66c4b9161dd.php 第 62 行.
NOTIC: [8] Use of undefined constant publication - assumed 'publication' F:\wamp\www\hotel\Hotel\Runtime\Cache\Home\c7c83dd2b0f9c41951e0d66c4b9161dd.php 第 98 行.
NOTIC: [8] Use of undefined constant special - assumed 'special' F:\wamp\www\hotel\Hotel\Runtime\Cache\Home\c7c83dd2b0f9c41951e0d66c4b9161dd.php 第 103 行.
NOTIC: [8] Undefined variable: choose F:\wamp\www\hotel\Hotel\Runtime\Cache\Home\c7c83dd2b0f9c41951e0d66c4b9161dd.php 第 103 行.
NOTIC: [8] Use of undefined constant index - assumed 'index' F:\wamp\www\hotel\Hotel\Runtime\Cache\Home\c7c83dd2b0f9c41951e0d66c4b9161dd.php 第 185 行.
NOTIC: [8] Undefined variable: current F:\wamp\www\hotel\Hotel\Runtime\Cache\Home\c7c83dd2b0f9c41951e0d66c4b9161dd.php 第 185 行.
INFO: Run Behavior\ParseTemplateBehavior [ RunTime:0.026267s ]
INFO: [ view_parse ] --END-- [ RunTime:0.026355s ]
INFO: [ view_filter ] --START--
INFO: Run Behavior\WriteHtmlCacheBehavior [ RunTime:0.000675s ]
INFO: [ view_filter ] --END-- [ RunTime:0.000853s ]
INFO: [ app_end ] --START--
INFO: Run Behavior\ShowPageTraceBehavior [ RunTime:0.001209s ]
INFO: [ app_end ] --END-- [ RunTime:0.001304s ]

[ 2016-02-17T16:44:25+08:00 ] ::1 /hotel/index.php/Home/News/book/type/publication.html
INFO: [ app_init ] --START--
INFO: Run Behavior\BuildLiteBehavior [ RunTime:0.000022s ]
INFO: [ app_init ] --END-- [ RunTime:0.000505s ]
INFO: [ app_begin ] --START--
INFO: Run Behavior\ReadHtmlCacheBehavior [ RunTime:0.000660s ]
INFO: [ app_begin ] --END-- [ RunTime:0.000753s ]
INFO: [ view_parse ] --START--
INFO: [ template_filter ] --START--
INFO: Run Behavior\ContentReplaceBehavior [ RunTime:0.000124s ]
INFO: [ template_filter ] --END-- [ RunTime:0.000278s ]
NOTIC: [8] Use of undefined constant news - assumed 'news' F:\wamp\www\hotel\Hotel\Runtime\Cache\Home\da698693fa4b86d285209422dbc3f817.php 第 50 行.
NOTIC: [8] Use of undefined constant news - assumed 'news' F:\wamp\www\hotel\Hotel\Runtime\Cache\Home\da698693fa4b86d285209422dbc3f817.php 第 51 行.
NOTIC: [8] Use of undefined constant activity - assumed 'activity' F:\wamp\www\hotel\Hotel\Runtime\Cache\Home\da698693fa4b86d285209422dbc3f817.php 第 52 行.
NOTIC: [8] Use of undefined constant notice - assumed 'notice' F:\wamp\www\hotel\Hotel\Runtime\Cache\Home\da698693fa4b86d285209422dbc3f817.php 第 53 行.
NOTIC: [8] Use of undefined constant meeting - assumed 'meeting' F:\wamp\www\hotel\Hotel\Runtime\Cache\Home\da698693fa4b86d285209422dbc3f817.php 第 54 行.
NOTIC: [8] Use of undefined constant publication - assumed 'publication' F:\wamp\www\hotel\Hotel\Runtime\Cache\Home\da698693fa4b86d285209422dbc3f817.php 第 60 行.
NOTIC: [8] Use of undefined constant publication - assumed 'publication' F:\wamp\www\hotel\Hotel\Runtime\Cache\Home\da698693fa4b86d285209422dbc3f817.php 第 61 行.
NOTIC: [8] Use of undefined constant brief - assumed 'brief' F:\wamp\www\hotel\Hotel\Runtime\Cache\Home\da698693fa4b86d285209422dbc3f817.php 第 62 行.
NOTIC: [8] Use of undefined constant publication - assumed 'publication' F:\wamp\www\hotel\Hotel\Runtime\Cache\Home\da698693fa4b86d285209422dbc3f817.php 第 98 行.
NOTIC: [8] Use of undefined constant article - assumed 'article' F:\wamp\www\hotel\Hotel\Runtime\Cache\Home\da698693fa4b86d285209422dbc3f817.php 第 99 行.
NOTIC: [8] Use of undefined constant special - assumed 'special' F:\wamp\www\hotel\Hotel\Runtime\Cache\Home\da698693fa4b86d285209422dbc3f817.php 第 100 行.
NOTIC: [8] Use of undefined constant download - assumed 'download' F:\wamp\www\hotel\Hotel\Runtime\Cache\Home\da698693fa4b86d285209422dbc3f817.php 第 101 行.
NOTIC: [8] Use of undefined constant special - assumed 'special' F:\wamp\www\hotel\Hotel\Runtime\Cache\Home\da698693fa4b86d285209422dbc3f817.php 第 103 行.
NOTIC: [8] Use of undefined constant index - assumed 'index' F:\wamp\www\hotel\Hotel\Runtime\Cache\Home\da698693fa4b86d285209422dbc3f817.php 第 185 行.
NOTIC: [8] Undefined variable: current F:\wamp\www\hotel\Hotel\Runtime\Cache\Home\da698693fa4b86d285209422dbc3f817.php 第 185 行.
INFO: Run Behavior\ParseTemplateBehavior [ RunTime:0.024914s ]
INFO: [ view_parse ] --END-- [ RunTime:0.025005s ]
INFO: [ view_filter ] --START--
INFO: Run Behavior\WriteHtmlCacheBehavior [ RunTime:0.000624s ]
INFO: [ view_filter ] --END-- [ RunTime:0.000703s ]
INFO: [ app_end ] --START--
INFO: Run Behavior\ShowPageTraceBehavior [ RunTime:0.001025s ]
INFO: [ app_end ] --END-- [ RunTime:0.001109s ]

[ 2016-02-17T16:44:26+08:00 ] ::1 /hotel/index.php/Home/News/book/type/brief.html
INFO: [ app_init ] --START--
INFO: Run Behavior\BuildLiteBehavior [ RunTime:0.000025s ]
INFO: [ app_init ] --END-- [ RunTime:0.000608s ]
INFO: [ app_begin ] --START--
INFO: Run Behavior\ReadHtmlCacheBehavior [ RunTime:0.001290s ]
INFO: [ app_begin ] --END-- [ RunTime:0.001413s ]
INFO: [ view_parse ] --START--
INFO: [ template_filter ] --START--
INFO: Run Behavior\ContentReplaceBehavior [ RunTime:0.000124s ]
INFO: [ template_filter ] --END-- [ RunTime:0.000222s ]
NOTIC: [8] Use of undefined constant news - assumed 'news' F:\wamp\www\hotel\Hotel\Runtime\Cache\Home\da698693fa4b86d285209422dbc3f817.php 第 50 行.
NOTIC: [8] Use of undefined constant news - assumed 'news' F:\wamp\www\hotel\Hotel\Runtime\Cache\Home\da698693fa4b86d285209422dbc3f817.php 第 51 行.
NOTIC: [8] Use of undefined constant activity - assumed 'activity' F:\wamp\www\hotel\Hotel\Runtime\Cache\Home\da698693fa4b86d285209422dbc3f817.php 第 52 行.
NOTIC: [8] Use of undefined constant notice - assumed 'notice' F:\wamp\www\hotel\Hotel\Runtime\Cache\Home\da698693fa4b86d285209422dbc3f817.php 第 53 行.
NOTIC: [8] Use of undefined constant meeting - assumed 'meeting' F:\wamp\www\hotel\Hotel\Runtime\Cache\Home\da698693fa4b86d285209422dbc3f817.php 第 54 行.
NOTIC: [8] Use of undefined constant publication - assumed 'publication' F:\wamp\www\hotel\Hotel\Runtime\Cache\Home\da698693fa4b86d285209422dbc3f817.php 第 60 行.
NOTIC: [8] Use of undefined constant publication - assumed 'publication' F:\wamp\www\hotel\Hotel\Runtime\Cache\Home\da698693fa4b86d285209422dbc3f817.php 第 61 行.
NOTIC: [8] Use of undefined constant brief - assumed 'brief' F:\wamp\www\hotel\Hotel\Runtime\Cache\Home\da698693fa4b86d285209422dbc3f817.php 第 62 行.
NOTIC: [8] Use of undefined constant publication - assumed 'publication' F:\wamp\www\hotel\Hotel\Runtime\Cache\Home\da698693fa4b86d285209422dbc3f817.php 第 98 行.
NOTIC: [8] Use of undefined constant special - assumed 'special' F:\wamp\www\hotel\Hotel\Runtime\Cache\Home\da698693fa4b86d285209422dbc3f817.php 第 103 行.
NOTIC: [8] Undefined variable: choose F:\wamp\www\hotel\Hotel\Runtime\Cache\Home\da698693fa4b86d285209422dbc3f817.php 第 103 行.
NOTIC: [8] Use of undefined constant index - assumed 'index' F:\wamp\www\hotel\Hotel\Runtime\Cache\Home\da698693fa4b86d285209422dbc3f817.php 第 185 行.
NOTIC: [8] Undefined variable: current F:\wamp\www\hotel\Hotel\Runtime\Cache\Home\da698693fa4b86d285209422dbc3f817.php 第 185 行.
INFO: Run Behavior\ParseTemplateBehavior [ RunTime:0.018746s ]
INFO: [ view_parse ] --END-- [ RunTime:0.018837s ]
INFO: [ view_filter ] --START--
INFO: Run Behavior\WriteHtmlCacheBehavior [ RunTime:0.000525s ]
INFO: [ view_filter ] --END-- [ RunTime:0.000599s ]
INFO: [ app_end ] --START--
INFO: Run Behavior\ShowPageTraceBehavior [ RunTime:0.000657s ]
INFO: [ app_end ] --END-- [ RunTime:0.000734s ]

[ 2016-02-17T16:44:37+08:00 ] ::1 /hotel/index.php/Home/News/book/type/publication.html
INFO: [ app_init ] --START--
INFO: Run Behavior\BuildLiteBehavior [ RunTime:0.000027s ]
INFO: [ app_init ] --END-- [ RunTime:0.000900s ]
INFO: [ app_begin ] --START--
INFO: Run Behavior\ReadHtmlCacheBehavior [ RunTime:0.000814s ]
INFO: [ app_begin ] --END-- [ RunTime:0.000909s ]
INFO: [ view_parse ] --START--
INFO: [ template_filter ] --START--
INFO: Run Behavior\ContentReplaceBehavior [ RunTime:0.000121s ]
INFO: [ template_filter ] --END-- [ RunTime:0.000219s ]
NOTIC: [8] Use of undefined constant news - assumed 'news' F:\wamp\www\hotel\Hotel\Runtime\Cache\Home\da698693fa4b86d285209422dbc3f817.php 第 50 行.
NOTIC: [8] Use of undefined constant news - assumed 'news' F:\wamp\www\hotel\Hotel\Runtime\Cache\Home\da698693fa4b86d285209422dbc3f817.php 第 51 行.
NOTIC: [8] Use of undefined constant activity - assumed 'activity' F:\wamp\www\hotel\Hotel\Runtime\Cache\Home\da698693fa4b86d285209422dbc3f817.php 第 52 行.
NOTIC: [8] Use of undefined constant notice - assumed 'notice' F:\wamp\www\hotel\Hotel\Runtime\Cache\Home\da698693fa4b86d285209422dbc3f817.php 第 53 行.
NOTIC: [8] Use of undefined constant meeting - assumed 'meeting' F:\wamp\www\hotel\Hotel\Runtime\Cache\Home\da698693fa4b86d285209422dbc3f817.php 第 54 行.
NOTIC: [8] Use of undefined constant publication - assumed 'publication' F:\wamp\www\hotel\Hotel\Runtime\Cache\Home\da698693fa4b86d285209422dbc3f817.php 第 60 行.
NOTIC: [8] Use of undefined constant publication - assumed 'publication' F:\wamp\www\hotel\Hotel\Runtime\Cache\Home\da698693fa4b86d285209422dbc3f817.php 第 61 行.
NOTIC: [8] Use of undefined constant brief - assumed 'brief' F:\wamp\www\hotel\Hotel\Runtime\Cache\Home\da698693fa4b86d285209422dbc3f817.php 第 62 行.
NOTIC: [8] Use of undefined constant publication - assumed 'publication' F:\wamp\www\hotel\Hotel\Runtime\Cache\Home\da698693fa4b86d285209422dbc3f817.php 第 98 行.
NOTIC: [8] Use of undefined constant article - assumed 'article' F:\wamp\www\hotel\Hotel\Runtime\Cache\Home\da698693fa4b86d285209422dbc3f817.php 第 99 行.
NOTIC: [8] Use of undefined constant special - assumed 'special' F:\wamp\www\hotel\Hotel\Runtime\Cache\Home\da698693fa4b86d285209422dbc3f817.php 第 100 行.
NOTIC: [8] Use of undefined constant download - assumed 'download' F:\wamp\www\hotel\Hotel\Runtime\Cache\Home\da698693fa4b86d285209422dbc3f817.php 第 101 行.
NOTIC: [8] Use of undefined constant special - assumed 'special' F:\wamp\www\hotel\Hotel\Runtime\Cache\Home\da698693fa4b86d285209422dbc3f817.php 第 103 行.
NOTIC: [8] Use of undefined constant index - assumed 'index' F:\wamp\www\hotel\Hotel\Runtime\Cache\Home\da698693fa4b86d285209422dbc3f817.php 第 185 行.
NOTIC: [8] Undefined variable: current F:\wamp\www\hotel\Hotel\Runtime\Cache\Home\da698693fa4b86d285209422dbc3f817.php 第 185 行.
INFO: Run Behavior\ParseTemplateBehavior [ RunTime:0.023908s ]
INFO: [ view_parse ] --END-- [ RunTime:0.023996s ]
INFO: [ view_filter ] --START--
INFO: Run Behavior\WriteHtmlCacheBehavior [ RunTime:0.000567s ]
INFO: [ view_filter ] --END-- [ RunTime:0.000641s ]
INFO: [ app_end ] --START--
INFO: Run Behavior\ShowPageTraceBehavior [ RunTime:0.000646s ]
INFO: [ app_end ] --END-- [ RunTime:0.000721s ]

[ 2016-02-17T16:44:39+08:00 ] ::1 /hotel/index.php/Home/News/index/type/news.html
INFO: [ app_init ] --START--
INFO: Run Behavior\BuildLiteBehavior [ RunTime:0.000027s ]
INFO: [ app_init ] --END-- [ RunTime:0.000743s ]
INFO: [ app_begin ] --START--
INFO: Run Behavior\ReadHtmlCacheBehavior [ RunTime:0.000698s ]
INFO: [ app_begin ] --END-- [ RunTime:0.000799s ]
INFO: [ view_parse ] --START--
INFO: [ template_filter ] --START--
INFO: Run Behavior\ContentReplaceBehavior [ RunTime:0.000127s ]
INFO: [ template_filter ] --END-- [ RunTime:0.000226s ]
NOTIC: [8] Use of undefined constant news - assumed 'news' F:\wamp\www\hotel\Hotel\Runtime\Cache\Home\c7c83dd2b0f9c41951e0d66c4b9161dd.php 第 50 行.
NOTIC: [8] Use of undefined constant news - assumed 'news' F:\wamp\www\hotel\Hotel\Runtime\Cache\Home\c7c83dd2b0f9c41951e0d66c4b9161dd.php 第 51 行.
NOTIC: [8] Use of undefined constant activity - assumed 'activity' F:\wamp\www\hotel\Hotel\Runtime\Cache\Home\c7c83dd2b0f9c41951e0d66c4b9161dd.php 第 52 行.
NOTIC: [8] Use of undefined constant notice - assumed 'notice' F:\wamp\www\hotel\Hotel\Runtime\Cache\Home\c7c83dd2b0f9c41951e0d66c4b9161dd.php 第 53 行.
NOTIC: [8] Use of undefined constant meeting - assumed 'meeting' F:\wamp\www\hotel\Hotel\Runtime\Cache\Home\c7c83dd2b0f9c41951e0d66c4b9161dd.php 第 54 行.
NOTIC: [8] Use of undefined constant publication - assumed 'publication' F:\wamp\www\hotel\Hotel\Runtime\Cache\Home\c7c83dd2b0f9c41951e0d66c4b9161dd.php 第 60 行.
NOTIC: [8] Use of undefined constant publication - assumed 'publication' F:\wamp\www\hotel\Hotel\Runtime\Cache\Home\c7c83dd2b0f9c41951e0d66c4b9161dd.php 第 61 行.
NOTIC: [8] Use of undefined constant brief - assumed 'brief' F:\wamp\www\hotel\Hotel\Runtime\Cache\Home\c7c83dd2b0f9c41951e0d66c4b9161dd.php 第 62 行.
NOTIC: [8] Use of undefined constant publication - assumed 'publication' F:\wamp\www\hotel\Hotel\Runtime\Cache\Home\c7c83dd2b0f9c41951e0d66c4b9161dd.php 第 98 行.
NOTIC: [8] Use of undefined constant special - assumed 'special' F:\wamp\www\hotel\Hotel\Runtime\Cache\Home\c7c83dd2b0f9c41951e0d66c4b9161dd.php 第 103 行.
NOTIC: [8] Undefined variable: choose F:\wamp\www\hotel\Hotel\Runtime\Cache\Home\c7c83dd2b0f9c41951e0d66c4b9161dd.php 第 103 行.
NOTIC: [8] Use of undefined constant index - assumed 'index' F:\wamp\www\hotel\Hotel\Runtime\Cache\Home\c7c83dd2b0f9c41951e0d66c4b9161dd.php 第 185 行.
NOTIC: [8] Undefined variable: current F:\wamp\www\hotel\Hotel\Runtime\Cache\Home\c7c83dd2b0f9c41951e0d66c4b9161dd.php 第 185 行.
INFO: Run Behavior\ParseTemplateBehavior [ RunTime:0.018414s ]
INFO: [ view_parse ] --END-- [ RunTime:0.018501s ]
INFO: [ view_filter ] --START--
INFO: Run Behavior\WriteHtmlCacheBehavior [ RunTime:0.000562s ]
INFO: [ view_filter ] --END-- [ RunTime:0.000641s ]
INFO: [ app_end ] --START--
INFO: Run Behavior\ShowPageTraceBehavior [ RunTime:0.000691s ]
INFO: [ app_end ] --END-- [ RunTime:0.000780s ]

[ 2016-02-17T16:44:41+08:00 ] ::1 /hotel/index.php/Home/News/index/type/meeting.html
INFO: [ app_init ] --START--
INFO: Run Behavior\BuildLiteBehavior [ RunTime:0.000022s ]
INFO: [ app_init ] --END-- [ RunTime:0.000477s ]
INFO: [ app_begin ] --START--
INFO: Run Behavior\ReadHtmlCacheBehavior [ RunTime:0.000977s ]
INFO: [ app_begin ] --END-- [ RunTime:0.001146s ]
INFO: [ view_parse ] --START--
INFO: [ template_filter ] --START--
INFO: Run Behavior\ContentReplaceBehavior [ RunTime:0.000116s ]
INFO: [ template_filter ] --END-- [ RunTime:0.000210s ]
NOTIC: [8] Use of undefined constant news - assumed 'news' F:\wamp\www\hotel\Hotel\Runtime\Cache\Home\c7c83dd2b0f9c41951e0d66c4b9161dd.php 第 50 行.
NOTIC: [8] Use of undefined constant news - assumed 'news' F:\wamp\www\hotel\Hotel\Runtime\Cache\Home\c7c83dd2b0f9c41951e0d66c4b9161dd.php 第 51 行.
NOTIC: [8] Use of undefined constant activity - assumed 'activity' F:\wamp\www\hotel\Hotel\Runtime\Cache\Home\c7c83dd2b0f9c41951e0d66c4b9161dd.php 第 52 行.
NOTIC: [8] Use of undefined constant notice - assumed 'notice' F:\wamp\www\hotel\Hotel\Runtime\Cache\Home\c7c83dd2b0f9c41951e0d66c4b9161dd.php 第 53 行.
NOTIC: [8] Use of undefined constant meeting - assumed 'meeting' F:\wamp\www\hotel\Hotel\Runtime\Cache\Home\c7c83dd2b0f9c41951e0d66c4b9161dd.php 第 54 行.
NOTIC: [8] Use of undefined constant publication - assumed 'publication' F:\wamp\www\hotel\Hotel\Runtime\Cache\Home\c7c83dd2b0f9c41951e0d66c4b9161dd.php 第 60 行.
NOTIC: [8] Use of undefined constant publication - assumed 'publication' F:\wamp\www\hotel\Hotel\Runtime\Cache\Home\c7c83dd2b0f9c41951e0d66c4b9161dd.php 第 61 行.
NOTIC: [8] Use of undefined constant brief - assumed 'brief' F:\wamp\www\hotel\Hotel\Runtime\Cache\Home\c7c83dd2b0f9c41951e0d66c4b9161dd.php 第 62 行.
NOTIC: [8] Use of undefined constant publication - assumed 'publication' F:\wamp\www\hotel\Hotel\Runtime\Cache\Home\c7c83dd2b0f9c41951e0d66c4b9161dd.php 第 98 行.
NOTIC: [8] Use of undefined constant special - assumed 'special' F:\wamp\www\hotel\Hotel\Runtime\Cache\Home\c7c83dd2b0f9c41951e0d66c4b9161dd.php 第 103 行.
NOTIC: [8] Undefined variable: choose F:\wamp\www\hotel\Hotel\Runtime\Cache\Home\c7c83dd2b0f9c41951e0d66c4b9161dd.php 第 103 行.
NOTIC: [8] Use of undefined constant index - assumed 'index' F:\wamp\www\hotel\Hotel\Runtime\Cache\Home\c7c83dd2b0f9c41951e0d66c4b9161dd.php 第 185 行.
NOTIC: [8] Undefined variable: current F:\wamp\www\hotel\Hotel\Runtime\Cache\Home\c7c83dd2b0f9c41951e0d66c4b9161dd.php 第 185 行.
INFO: Run Behavior\ParseTemplateBehavior [ RunTime:0.022910s ]
INFO: [ view_parse ] --END-- [ RunTime:0.022996s ]
INFO: [ view_filter ] --START--
INFO: Run Behavior\WriteHtmlCacheBehavior [ RunTime:0.001095s ]
INFO: [ view_filter ] --END-- [ RunTime:0.001190s ]
INFO: [ app_end ] --START--
INFO: Run Behavior\ShowPageTraceBehavior [ RunTime:0.000951s ]
INFO: [ app_end ] --END-- [ RunTime:0.001070s ]

[ 2016-02-17T17:18:27+08:00 ] ::1 /hotel/index.php/Home/News/index/type/meeting.html
INFO: [ app_init ] --START--
INFO: Run Behavior\BuildLiteBehavior [ RunTime:0.000022s ]
INFO: [ app_init ] --END-- [ RunTime:0.000560s ]
INFO: [ app_begin ] --START--
INFO: Run Behavior\ReadHtmlCacheBehavior [ RunTime:0.000697s ]
INFO: [ app_begin ] --END-- [ RunTime:0.000788s ]
INFO: [ view_parse ] --START--
INFO: [ template_filter ] --START--
INFO: Run Behavior\ContentReplaceBehavior [ RunTime:0.000117s ]
INFO: [ template_filter ] --END-- [ RunTime:0.000206s ]
NOTIC: [8] Use of undefined constant news - assumed 'news' F:\wamp\www\hotel\Hotel\Runtime\Cache\Home\c7c83dd2b0f9c41951e0d66c4b9161dd.php 第 50 行.
NOTIC: [8] Use of undefined constant news - assumed 'news' F:\wamp\www\hotel\Hotel\Runtime\Cache\Home\c7c83dd2b0f9c41951e0d66c4b9161dd.php 第 51 行.
NOTIC: [8] Use of undefined constant activity - assumed 'activity' F:\wamp\www\hotel\Hotel\Runtime\Cache\Home\c7c83dd2b0f9c41951e0d66c4b9161dd.php 第 52 行.
NOTIC: [8] Use of undefined constant notice - assumed 'notice' F:\wamp\www\hotel\Hotel\Runtime\Cache\Home\c7c83dd2b0f9c41951e0d66c4b9161dd.php 第 53 行.
NOTIC: [8] Use of undefined constant meeting - assumed 'meeting' F:\wamp\www\hotel\Hotel\Runtime\Cache\Home\c7c83dd2b0f9c41951e0d66c4b9161dd.php 第 54 行.
NOTIC: [8] Use of undefined constant publication - assumed 'publication' F:\wamp\www\hotel\Hotel\Runtime\Cache\Home\c7c83dd2b0f9c41951e0d66c4b9161dd.php 第 60 行.
NOTIC: [8] Use of undefined constant publication - assumed 'publication' F:\wamp\www\hotel\Hotel\Runtime\Cache\Home\c7c83dd2b0f9c41951e0d66c4b9161dd.php 第 61 行.
NOTIC: [8] Use of undefined constant brief - assumed 'brief' F:\wamp\www\hotel\Hotel\Runtime\Cache\Home\c7c83dd2b0f9c41951e0d66c4b9161dd.php 第 62 行.
NOTIC: [8] Use of undefined constant publication - assumed 'publication' F:\wamp\www\hotel\Hotel\Runtime\Cache\Home\c7c83dd2b0f9c41951e0d66c4b9161dd.php 第 98 行.
NOTIC: [8] Use of undefined constant special - assumed 'special' F:\wamp\www\hotel\Hotel\Runtime\Cache\Home\c7c83dd2b0f9c41951e0d66c4b9161dd.php 第 103 行.
NOTIC: [8] Undefined variable: choose F:\wamp\www\hotel\Hotel\Runtime\Cache\Home\c7c83dd2b0f9c41951e0d66c4b9161dd.php 第 103 行.
NOTIC: [8] Use of undefined constant index - assumed 'index' F:\wamp\www\hotel\Hotel\Runtime\Cache\Home\c7c83dd2b0f9c41951e0d66c4b9161dd.php 第 185 行.
NOTIC: [8] Undefined variable: current F:\wamp\www\hotel\Hotel\Runtime\Cache\Home\c7c83dd2b0f9c41951e0d66c4b9161dd.php 第 185 行.
INFO: Run Behavior\ParseTemplateBehavior [ RunTime:0.041517s ]
INFO: [ view_parse ] --END-- [ RunTime:0.041602s ]
INFO: [ view_filter ] --START--
INFO: Run Behavior\WriteHtmlCacheBehavior [ RunTime:0.000557s ]
INFO: [ view_filter ] --END-- [ RunTime:0.000633s ]
INFO: [ app_end ] --START--
INFO: Run Behavior\ShowPageTraceBehavior [ RunTime:0.000688s ]
INFO: [ app_end ] --END-- [ RunTime:0.000766s ]

[ 2016-02-17T17:18:29+08:00 ] ::1 /hotel/index.php/Home/News/index/type/news.html
INFO: [ app_init ] --START--
INFO: Run Behavior\BuildLiteBehavior [ RunTime:0.000044s ]
INFO: [ app_init ] --END-- [ RunTime:0.000517s ]
INFO: [ app_begin ] --START--
INFO: Run Behavior\ReadHtmlCacheBehavior [ RunTime:0.000724s ]
INFO: [ app_begin ] --END-- [ RunTime:0.000829s ]
INFO: [ view_parse ] --START--
INFO: [ template_filter ] --START--
INFO: Run Behavior\ContentReplaceBehavior [ RunTime:0.000114s ]
INFO: [ template_filter ] --END-- [ RunTime:0.000204s ]
NOTIC: [8] Use of undefined constant news - assumed 'news' F:\wamp\www\hotel\Hotel\Runtime\Cache\Home\c7c83dd2b0f9c41951e0d66c4b9161dd.php 第 50 行.
NOTIC: [8] Use of undefined constant news - assumed 'news' F:\wamp\www\hotel\Hotel\Runtime\Cache\Home\c7c83dd2b0f9c41951e0d66c4b9161dd.php 第 51 行.
NOTIC: [8] Use of undefined constant activity - assumed 'activity' F:\wamp\www\hotel\Hotel\Runtime\Cache\Home\c7c83dd2b0f9c41951e0d66c4b9161dd.php 第 52 行.
NOTIC: [8] Use of undefined constant notice - assumed 'notice' F:\wamp\www\hotel\Hotel\Runtime\Cache\Home\c7c83dd2b0f9c41951e0d66c4b9161dd.php 第 53 行.
NOTIC: [8] Use of undefined constant meeting - assumed 'meeting' F:\wamp\www\hotel\Hotel\Runtime\Cache\Home\c7c83dd2b0f9c41951e0d66c4b9161dd.php 第 54 行.
NOTIC: [8] Use of undefined constant publication - assumed 'publication' F:\wamp\www\hotel\Hotel\Runtime\Cache\Home\c7c83dd2b0f9c41951e0d66c4b9161dd.php 第 60 行.
NOTIC: [8] Use of undefined constant publication - assumed 'publication' F:\wamp\www\hotel\Hotel\Runtime\Cache\Home\c7c83dd2b0f9c41951e0d66c4b9161dd.php 第 61 行.
NOTIC: [8] Use of undefined constant brief - assumed 'brief' F:\wamp\www\hotel\Hotel\Runtime\Cache\Home\c7c83dd2b0f9c41951e0d66c4b9161dd.php 第 62 行.
NOTIC: [8] Use of undefined constant publication - assumed 'publication' F:\wamp\www\hotel\Hotel\Runtime\Cache\Home\c7c83dd2b0f9c41951e0d66c4b9161dd.php 第 98 行.
NOTIC: [8] Use of undefined constant special - assumed 'special' F:\wamp\www\hotel\Hotel\Runtime\Cache\Home\c7c83dd2b0f9c41951e0d66c4b9161dd.php 第 103 行.
NOTIC: [8] Undefined variable: choose F:\wamp\www\hotel\Hotel\Runtime\Cache\Home\c7c83dd2b0f9c41951e0d66c4b9161dd.php 第 103 行.
NOTIC: [8] Use of undefined constant index - assumed 'index' F:\wamp\www\hotel\Hotel\Runtime\Cache\Home\c7c83dd2b0f9c41951e0d66c4b9161dd.php 第 185 行.
NOTIC: [8] Undefined variable: current F:\wamp\www\hotel\Hotel\Runtime\Cache\Home\c7c83dd2b0f9c41951e0d66c4b9161dd.php 第 185 行.
INFO: Run Behavior\ParseTemplateBehavior [ RunTime:0.017448s ]
INFO: [ view_parse ] --END-- [ RunTime:0.017534s ]
INFO: [ view_filter ] --START--
INFO: Run Behavior\WriteHtmlCacheBehavior [ RunTime:0.000713s ]
INFO: [ view_filter ] --END-- [ RunTime:0.000833s ]
INFO: [ app_end ] --START--
INFO: Run Behavior\ShowPageTraceBehavior [ RunTime:0.000738s ]
INFO: [ app_end ] --END-- [ RunTime:0.000824s ]

[ 2016-02-17T17:18:30+08:00 ] ::1 /hotel/index.php/Home/News/index/type/activity.html
INFO: [ app_init ] --START--
INFO: Run Behavior\BuildLiteBehavior [ RunTime:0.000022s ]
INFO: [ app_init ] --END-- [ RunTime:0.000646s ]
INFO: [ app_begin ] --START--
INFO: Run Behavior\ReadHtmlCacheBehavior [ RunTime:0.000624s ]
INFO: [ app_begin ] --END-- [ RunTime:0.000713s ]
INFO: [ view_parse ] --START--
INFO: [ template_filter ] --START--
INFO: Run Behavior\ContentReplaceBehavior [ RunTime:0.000166s ]
INFO: [ template_filter ] --END-- [ RunTime:0.000265s ]
NOTIC: [8] Use of undefined constant news - assumed 'news' F:\wamp\www\hotel\Hotel\Runtime\Cache\Home\c7c83dd2b0f9c41951e0d66c4b9161dd.php 第 50 行.
NOTIC: [8] Use of undefined constant news - assumed 'news' F:\wamp\www\hotel\Hotel\Runtime\Cache\Home\c7c83dd2b0f9c41951e0d66c4b9161dd.php 第 51 行.
NOTIC: [8] Use of undefined constant activity - assumed 'activity' F:\wamp\www\hotel\Hotel\Runtime\Cache\Home\c7c83dd2b0f9c41951e0d66c4b9161dd.php 第 52 行.
NOTIC: [8] Use of undefined constant notice - assumed 'notice' F:\wamp\www\hotel\Hotel\Runtime\Cache\Home\c7c83dd2b0f9c41951e0d66c4b9161dd.php 第 53 行.
NOTIC: [8] Use of undefined constant meeting - assumed 'meeting' F:\wamp\www\hotel\Hotel\Runtime\Cache\Home\c7c83dd2b0f9c41951e0d66c4b9161dd.php 第 54 行.
NOTIC: [8] Use of undefined constant publication - assumed 'publication' F:\wamp\www\hotel\Hotel\Runtime\Cache\Home\c7c83dd2b0f9c41951e0d66c4b9161dd.php 第 60 行.
NOTIC: [8] Use of undefined constant publication - assumed 'publication' F:\wamp\www\hotel\Hotel\Runtime\Cache\Home\c7c83dd2b0f9c41951e0d66c4b9161dd.php 第 61 行.
NOTIC: [8] Use of undefined constant brief - assumed 'brief' F:\wamp\www\hotel\Hotel\Runtime\Cache\Home\c7c83dd2b0f9c41951e0d66c4b9161dd.php 第 62 行.
NOTIC: [8] Use of undefined constant publication - assumed 'publication' F:\wamp\www\hotel\Hotel\Runtime\Cache\Home\c7c83dd2b0f9c41951e0d66c4b9161dd.php 第 98 行.
NOTIC: [8] Use of undefined constant special - assumed 'special' F:\wamp\www\hotel\Hotel\Runtime\Cache\Home\c7c83dd2b0f9c41951e0d66c4b9161dd.php 第 103 行.
NOTIC: [8] Undefined variable: choose F:\wamp\www\hotel\Hotel\Runtime\Cache\Home\c7c83dd2b0f9c41951e0d66c4b9161dd.php 第 103 行.
NOTIC: [8] Use of undefined constant index - assumed 'index' F:\wamp\www\hotel\Hotel\Runtime\Cache\Home\c7c83dd2b0f9c41951e0d66c4b9161dd.php 第 185 行.
NOTIC: [8] Undefined variable: current F:\wamp\www\hotel\Hotel\Runtime\Cache\Home\c7c83dd2b0f9c41951e0d66c4b9161dd.php 第 185 行.
INFO: Run Behavior\ParseTemplateBehavior [ RunTime:0.016777s ]
INFO: [ view_parse ] --END-- [ RunTime:0.016862s ]
INFO: [ view_filter ] --START--
INFO: Run Behavior\WriteHtmlCacheBehavior [ RunTime:0.000434s ]
INFO: [ view_filter ] --END-- [ RunTime:0.000511s ]
INFO: [ app_end ] --START--
INFO: Run Behavior\ShowPageTraceBehavior [ RunTime:0.000558s ]
INFO: [ app_end ] --END-- [ RunTime:0.000637s ]

[ 2016-02-17T17:18:31+08:00 ] ::1 /hotel/index.php/Home/News/index/type/notice.html
INFO: [ app_init ] --START--
INFO: Run Behavior\BuildLiteBehavior [ RunTime:0.000023s ]
INFO: [ app_init ] --END-- [ RunTime:0.000488s ]
INFO: [ app_begin ] --START--
INFO: Run Behavior\ReadHtmlCacheBehavior [ RunTime:0.000553s ]
INFO: [ app_begin ] --END-- [ RunTime:0.000638s ]
INFO: [ view_parse ] --START--
INFO: [ template_filter ] --START--
INFO: Run Behavior\ContentReplaceBehavior [ RunTime:0.000122s ]
INFO: [ template_filter ] --END-- [ RunTime:0.000224s ]
NOTIC: [8] Use of undefined constant news - assumed 'news' F:\wamp\www\hotel\Hotel\Runtime\Cache\Home\c7c83dd2b0f9c41951e0d66c4b9161dd.php 第 50 行.
NOTIC: [8] Use of undefined constant news - assumed 'news' F:\wamp\www\hotel\Hotel\Runtime\Cache\Home\c7c83dd2b0f9c41951e0d66c4b9161dd.php 第 51 行.
NOTIC: [8] Use of undefined constant activity - assumed 'activity' F:\wamp\www\hotel\Hotel\Runtime\Cache\Home\c7c83dd2b0f9c41951e0d66c4b9161dd.php 第 52 行.
NOTIC: [8] Use of undefined constant notice - assumed 'notice' F:\wamp\www\hotel\Hotel\Runtime\Cache\Home\c7c83dd2b0f9c41951e0d66c4b9161dd.php 第 53 行.
NOTIC: [8] Use of undefined constant meeting - assumed 'meeting' F:\wamp\www\hotel\Hotel\Runtime\Cache\Home\c7c83dd2b0f9c41951e0d66c4b9161dd.php 第 54 行.
NOTIC: [8] Use of undefined constant publication - assumed 'publication' F:\wamp\www\hotel\Hotel\Runtime\Cache\Home\c7c83dd2b0f9c41951e0d66c4b9161dd.php 第 60 行.
NOTIC: [8] Use of undefined constant publication - assumed 'publication' F:\wamp\www\hotel\Hotel\Runtime\Cache\Home\c7c83dd2b0f9c41951e0d66c4b9161dd.php 第 61 行.
NOTIC: [8] Use of undefined constant brief - assumed 'brief' F:\wamp\www\hotel\Hotel\Runtime\Cache\Home\c7c83dd2b0f9c41951e0d66c4b9161dd.php 第 62 行.
NOTIC: [8] Use of undefined constant publication - assumed 'publication' F:\wamp\www\hotel\Hotel\Runtime\Cache\Home\c7c83dd2b0f9c41951e0d66c4b9161dd.php 第 98 行.
NOTIC: [8] Use of undefined constant special - assumed 'special' F:\wamp\www\hotel\Hotel\Runtime\Cache\Home\c7c83dd2b0f9c41951e0d66c4b9161dd.php 第 103 行.
NOTIC: [8] Undefined variable: choose F:\wamp\www\hotel\Hotel\Runtime\Cache\Home\c7c83dd2b0f9c41951e0d66c4b9161dd.php 第 103 行.
NOTIC: [8] Use of undefined constant index - assumed 'index' F:\wamp\www\hotel\Hotel\Runtime\Cache\Home\c7c83dd2b0f9c41951e0d66c4b9161dd.php 第 185 行.
NOTIC: [8] Undefined variable: current F:\wamp\www\hotel\Hotel\Runtime\Cache\Home\c7c83dd2b0f9c41951e0d66c4b9161dd.php 第 185 行.
INFO: Run Behavior\ParseTemplateBehavior [ RunTime:0.015240s ]
INFO: [ view_parse ] --END-- [ RunTime:0.015321s ]
INFO: [ view_filter ] --START--
INFO: Run Behavior\WriteHtmlCacheBehavior [ RunTime:0.000339s ]
INFO: [ view_filter ] --END-- [ RunTime:0.000411s ]
INFO: [ app_end ] --START--
INFO: Run Behavior\ShowPageTraceBehavior [ RunTime:0.000512s ]
INFO: [ app_end ] --END-- [ RunTime:0.000587s ]

